[*] nts.shape: (250, 250)
[*] number of clusters: 3
[*] nmi: 0.5462765657378573
[*] ncut: 1.2100197868892137
[*] nmi: 0.9735652948445751
[*] ncut: 0.008488045637906193
[*] using device: cuda

trial 0----------------------------
> hidden dims = [175, 122, 85, 59, 41, 28, 19, 13, 9, 6, 4]
> rho = 0.015702970884055395
> beta = 9.846738873614559
layer: 0: 16976it [00:38, 473.38it/s, loss=0.164, stab=4]
layer: 1: 16920it [00:39, 314.47it/s, loss=0.287, stab=4]
layer: 2: 19128it [00:44, 387.09it/s, loss=0.304, stab=4]
layer: 3: 21525it [00:51, 442.10it/s, loss=0.509, stab=4]
layer: 4: 23737it [00:53, 438.33it/s, loss=0.688, stab=4]
layer: 5: 28711it [01:08, 310.60it/s, loss=0.806, stab=4]
layer: 6: 11005it [00:27, 451.90it/s, loss=10.6, stab=4]
layer: 7: 11642it [00:26, 428.17it/s, loss=0.358, stab=4]
layer: 8: 10363it [00:23, 318.93it/s, loss=0.227, stab=4]
layer: 9: 9992it [00:23, 357.07it/s, loss=0.139, stab=4]
layer: 10: 8659it [00:20, 400.39it/s, loss=4.18, stab=4]
[*] nmi = 0.022679464582344214
[*] ncut = 1.4326118550928633

trial 1----------------------------
> hidden dims = [162]
> rho = 0.0396760507705299
> beta = 10.129197956845726
layer: 0: 11073it [00:25, 418.55it/s, loss=0.139, stab=4]
[*] nmi = 0.9735652948445751
[*] ncut = 0.008488045637906193

trial 2----------------------------
> hidden dims = [150, 90, 54, 32, 19, 11, 6, 3]
> rho = 0.03142880890840111
> beta = 0.1152644954031561
layer: 0: 17758it [00:42, 419.32it/s, loss=0.184, stab=4]
layer: 1: 16213it [00:38, 416.76it/s, loss=1.55, stab=4]
layer: 2: 14662it [00:34, 446.23it/s, loss=26, stab=4]
layer: 3: 21788it [00:51, 399.53it/s, loss=153, stab=4]
layer: 4: 15240it [00:36, 430.77it/s, loss=125, stab=4]
layer: 5: 6256it [00:15, 411.41it/s, loss=30.5, stab=4]
layer: 6: 7895it [00:18, 417.29it/s, loss=24.4, stab=4]
layer: 7: 5124it [00:12, 435.53it/s, loss=11.3, stab=4]
[*] nmi = 0.014928822997261304
[*] ncut = 1.0993488522377557

trial 3----------------------------
> hidden dims = [162, 105, 68]
> rho = 0.0037520558551242854
> beta = 1.4445251022763053
layer: 0: 20203it [00:49, 413.95it/s, loss=0.367, stab=4]
layer: 1: 20456it [00:50, 409.42it/s, loss=0.442, stab=4]
layer: 2: 21352it [00:50, 476.02it/s, loss=0.57, stab=4]
[*] nmi = 0.09584886786355647
[*] ncut = 1.0051844873977844

trial 4----------------------------
> hidden dims = [200, 160, 128]
> rho = 0.0007523742884534858
> beta = 0.6789053271698483
layer: 0: 18929it [00:43, 432.86it/s, loss=0.509, stab=4]
layer: 1: 18107it [00:42, 460.76it/s, loss=0.615, stab=4]
layer: 2: 18171it [00:42, 440.70it/s, loss=0.729, stab=4]
[*] nmi = 0.08047201353858935
[*] ncut = 1.3748888370112382

trial 5----------------------------
> hidden dims = [212, 180, 153, 130, 110]
> rho = 0.003489018845491387
> beta = 9.163741808778772
layer: 0: 25354it [00:58, 415.01it/s, loss=0.198, stab=4]
layer: 1: 27545it [01:04, 469.27it/s, loss=0.177, stab=4]
layer: 2: 28290it [01:04, 423.36it/s, loss=0.218, stab=4]
layer: 3: 13775it [00:31, 465.04it/s, loss=26.2, stab=4]
layer: 4: 13885it [00:31, 479.79it/s, loss=0.161, stab=4]
[*] nmi = 0.03029056074540411
[*] ncut = 1.4517654237374384

trial 6----------------------------
> hidden dims = [200, 160, 128, 102]
> rho = 0.00015673095467235422
> beta = 555.1721685244722
layer: 0: 8784it [00:20, 488.42it/s, loss=51.4, stab=4]
layer: 1: 10170it [00:23, 353.45it/s, loss=0.0712, stab=4]
layer: 2: 10195it [00:23, 448.15it/s, loss=0.0567, stab=4]
layer: 3: 9941it [00:23, 417.41it/s, loss=0.0748, stab=4]
[*] nmi = 0.659764879597819
[*] ncut = 0.6344308658089397

trial 7----------------------------
> hidden dims = [212, 180, 153, 130, 110, 93, 79, 67]
> rho = 0.00019634341572933326
> beta = 26.373339933815235
layer: 0: 41262it [01:34, 453.78it/s, loss=0.853, stab=4]
layer: 1: 12313it [00:28, 434.56it/s, loss=1.31, stab=4]
layer: 2: 12317it [00:28, 461.16it/s, loss=0.102, stab=4]
layer: 3: 12183it [00:27, 426.05it/s, loss=0.101, stab=4]
layer: 4: 11969it [00:27, 450.32it/s, loss=0.106, stab=4]
layer: 5: 11797it [00:26, 405.49it/s, loss=0.105, stab=4]
layer: 6: 11599it [00:26, 463.14it/s, loss=0.109, stab=4]
layer: 7: 11364it [00:25, 477.34it/s, loss=0.111, stab=4]
[*] nmi = 0.19830464340501036
[*] ncut = 1.1323058717859507

trial 8----------------------------
> hidden dims = [150, 90, 54, 32]
> rho = 0.00012681352169084607
> beta = 352.0481045526035
layer: 0: 13814it [00:31, 475.32it/s, loss=51.4, stab=4]
layer: 1: 16255it [00:36, 465.73it/s, loss=0.0525, stab=4]
layer: 2: 15953it [00:36, 464.31it/s, loss=0.0542, stab=4]
layer: 3: 15668it [00:35, 424.41it/s, loss=0.053, stab=4]
[*] nmi = 0.659764879597819
[*] ncut = 0.6222597008061421

trial 9----------------------------
> hidden dims = [200, 160, 128, 102, 81, 64]
> rho = 0.0036324869566766076
> beta = 5.414413211338521
layer: 0: 23791it [00:54, 347.40it/s, loss=0.244, stab=4]
layer: 1: 23610it [00:53, 457.40it/s, loss=0.242, stab=4]
layer: 2: 24678it [00:55, 477.20it/s, loss=0.246, stab=4]
layer: 3: 26057it [00:58, 357.95it/s, loss=0.304, stab=4]
layer: 4: 28173it [01:03, 465.55it/s, loss=0.307, stab=4]
layer: 5: 14274it [00:32, 435.64it/s, loss=12, stab=4]
[*] nmi = 0.014365955476705109
[*] ncut = 1.3786697429970216

trial 10----------------------------
> hidden dims = [175]
> rho = 0.08102356207766644
> beta = 0.012297288957910173
layer: 0: 7537it [00:18, 319.30it/s, loss=0.475, stab=4]
[*] nmi = 0.526197331646664
[*] ncut = 0.43316230001021566

trial 11----------------------------
> hidden dims = [175]
> rho = 0.0869821884209373
> beta = 0.0267870779847426
layer: 0: 9575it [00:24, 319.18it/s, loss=0.336, stab=4]
[*] nmi = 0.8526418911725148
[*] ncut = 0.030461300986257846

trial 12----------------------------
> hidden dims = [175]
> rho = 0.08332447280612446
> beta = 0.01816873758001114
layer: 0: 9557it [00:24, 399.95it/s, loss=0.382, stab=4]
[*] nmi = 0.5016156565806092
[*] ncut = 0.5031214419954958

trial 13----------------------------
> hidden dims = [162]
> rho = 0.020085284748997248
> beta = 88.00770565263993
layer: 0: 14446it [00:36, 445.90it/s, loss=0.222, stab=4]
[*] nmi = 0.8526418911725148
[*] ncut = 0.04184652441967425

trial 14----------------------------
> hidden dims = [187, 140, 105, 78, 58, 43, 32, 24, 18, 13, 9, 6, 4]
> rho = 0.0394334580046473
> beta = 0.23573543348960407
layer: 0: 12930it [00:32, 413.28it/s, loss=0.144, stab=4]
layer: 1: 11870it [00:34, 326.80it/s, loss=0.936, stab=4]
layer: 2: 9829it [00:31, 438.95it/s, loss=4.05, stab=4]
layer: 3: 11708it [00:27, 449.55it/s, loss=14.5, stab=4]
layer: 4: 7655it [00:17, 442.58it/s, loss=47.7, stab=4]
layer: 5: 15691it [00:35, 427.01it/s, loss=71.8, stab=4]
layer: 6: 9979it [00:22, 432.89it/s, loss=57.2, stab=4]
layer: 7: 5203it [00:11, 445.21it/s, loss=27.8, stab=4]
layer: 8: 4033it [00:09, 450.78it/s, loss=18.9, stab=4]
layer: 9: 3708it [00:08, 449.00it/s, loss=13.9, stab=4]
layer: 10: 3511it [00:07, 475.99it/s, loss=11.6, stab=4]
layer: 11: 4241it [00:09, 452.79it/s, loss=11.3, stab=4]
layer: 12: 2582it [00:05, 385.53it/s, loss=7.24, stab=4]
[*] nmi = 0.06512725530173956
[*] ncut = 1.2781537113693386

trial 15----------------------------
> hidden dims = [162, 105]
> rho = 0.010099572394026007
> beta = 0.07178265086709322
layer: 0: 12199it [00:27, 416.47it/s, loss=0.495, stab=4]
layer: 1: 10727it [00:24, 451.71it/s, loss=1.82, stab=4]
[*] nmi = 0.8567914906216975
[*] ncut = 0.10304791641054264

trial 16----------------------------
> hidden dims = [187, 140, 105, 78, 58, 43]
> rho = 0.008537372875441254
> beta = 52.54417359347352
layer: 0: 15450it [00:35, 464.73it/s, loss=0.147, stab=4]
layer: 1: 14411it [00:33, 439.09it/s, loss=0.656, stab=4]
layer: 2: 6555it [00:15, 374.57it/s, loss=175, stab=4]
layer: 3: 5043it [00:11, 454.96it/s, loss=2.37, stab=4]
layer: 4: 5070it [00:11, 423.70it/s, loss=0.342, stab=4]
layer: 5: 4993it [00:11, 430.16it/s, loss=0.309, stab=4]
[*] nmi = 0.01028605703404677
[*] ncut = 1.5858271610946875

trial 17----------------------------
> hidden dims = [225, 202, 181, 162, 145, 130, 117, 105, 94, 84, 75, 67, 60, 54, 48, 43, 38, 34, 30, 27, 24, 21, 18, 16, 14]
> rho = 0.0012518805951461296
> beta = 1.2762816262194463
layer: 0: 18644it [00:44, 421.33it/s, loss=0.603, stab=4]
layer: 1: 17991it [00:41, 420.33it/s, loss=0.576, stab=4]
layer: 2: 18026it [00:42, 439.87it/s, loss=0.617, stab=4]
layer: 3: 18484it [00:43, 466.28it/s, loss=0.657, stab=4]
layer: 4: 18620it [00:43, 477.62it/s, loss=0.765, stab=4]
layer: 5: 19279it [00:44, 409.67it/s, loss=0.719, stab=4]
layer: 6: 21255it [00:48, 448.35it/s, loss=0.742, stab=4]
layer: 7: 19129it [00:43, 467.32it/s, loss=0.857, stab=4]
layer: 8: 17921it [00:40, 445.52it/s, loss=0.556, stab=4]
layer: 9: 16326it [00:36, 436.43it/s, loss=0.653, stab=4]
layer: 10: 16034it [00:36, 467.09it/s, loss=0.492, stab=4]
layer: 11: 15703it [00:36, 439.62it/s, loss=0.577, stab=4]
layer: 12: 15653it [00:36, 460.69it/s, loss=0.535, stab=4]
layer: 13: 15319it [00:35, 398.52it/s, loss=0.548, stab=4]
layer: 14: 15116it [00:35, 448.35it/s, loss=0.635, stab=4]
layer: 15: 15599it [00:36, 430.15it/s, loss=0.628, stab=4]
layer: 16: 15454it [00:36, 421.60it/s, loss=0.708, stab=4]
layer: 17: 15409it [00:36, 444.37it/s, loss=0.785, stab=4]
layer: 18: 15365it [00:36, 446.84it/s, loss=0.763, stab=4]
layer: 19: 15558it [00:36, 430.88it/s, loss=0.991, stab=4]
layer: 20: 15804it [00:37, 425.68it/s, loss=1.02, stab=4]
layer: 21: 16131it [00:38, 426.37it/s, loss=1.26, stab=4]
layer: 22: 17196it [00:41, 413.30it/s, loss=1.36, stab=4]
layer: 23: 14698it [00:35, 423.78it/s, loss=1.79, stab=4]
layer: 24: 14497it [00:34, 439.86it/s, loss=2.52, stab=4]
[*] nmi = 0.04163532895439505
[*] ncut = 1.3203397283262408

trial 18----------------------------
> hidden dims = [162, 105]
> rho = 0.04599039171602912
> beta = 0.4384556213222778
layer: 0: 11982it [00:29, 347.46it/s, loss=0.129, stab=4]
layer: 1: 11298it [00:27, 433.12it/s, loss=1.26, stab=4]
[*] nmi = 0.9501957823088482
[*] ncut = 0.03989161694796712

trial 19----------------------------
> hidden dims = [187, 140, 105, 78, 58, 43, 32, 24, 18, 13]
> rho = 0.08087411777442799
> beta = 0.04356338531005944
layer: 0: 9413it [00:23, 393.03it/s, loss=0.651, stab=4]
layer: 1: 36338it [01:29, 424.11it/s, loss=1.75, stab=4]
layer: 2: 78327it [03:00, 461.31it/s, loss=4.6, stab=0]
[!] stopping layer 2 training after 180.00s (> 180s)
layer: 3: 36428it [01:17, 499.21it/s, loss=19.6, stab=4]
layer: 4: 24513it [00:50, 488.81it/s, loss=39.8, stab=4]
layer: 5: 8796it [00:18, 495.07it/s, loss=47.4, stab=4]
layer: 6: 4311it [00:09, 499.42it/s, loss=37.2, stab=4]
layer: 7: 4698it [00:09, 575.69it/s, loss=28.9, stab=4]
layer: 8: 3457it [00:06, 579.09it/s, loss=19.5, stab=4]
layer: 9: 4197it [00:06, 596.75it/s, loss=16.7, stab=4]
[*] nmi = 0.03980272184769676
[*] ncut = 1.1559149769423855
========================================================
========================================================
[*] best nmi = 0.9735652948445751
[*] best ncut = 0.008488045637906193
[*] best ncut nmi = 0.9735652948445751
