[*] nts.shape: (250, 250)
[*] number of clusters: 3
[*] nmi: 0.4262721038731484
[*] ncut: 1.2693148894919557
[*] nmi: 0.8907587264044121
[*] ncut: 0.07080811933634085
[*] using device: cuda

trial 0----------------------------
> hidden dims = [175, 122, 85, 59, 41, 28, 19, 13, 9, 6, 4]
> rho = 0.015702970884055395
> beta = 9.846738873614559
layer: 0: 17018it [00:34, 574.29it/s, loss=0.195, stab=4]
layer: 1: 16962it [00:33, 446.37it/s, loss=0.242, stab=4]
layer: 2: 19023it [00:41, 355.33it/s, loss=0.272, stab=4]
layer: 3: 21546it [00:50, 461.96it/s, loss=0.519, stab=4]
layer: 4: 23829it [00:53, 350.18it/s, loss=0.758, stab=4]
layer: 5: 28859it [01:03, 408.16it/s, loss=0.767, stab=4]
layer: 6: 9622it [00:21, 448.68it/s, loss=10.9, stab=4]
layer: 7: 9477it [00:21, 453.49it/s, loss=0.108, stab=4]
layer: 8: 9403it [00:20, 419.55it/s, loss=0.0818, stab=4]
layer: 9: 8950it [00:19, 471.81it/s, loss=0.0691, stab=4]
layer: 10: 8614it [00:19, 475.78it/s, loss=0.0679, stab=4]
[*] nmi = 0.05834816768778587
[*] ncut = 1.3844165534624007

trial 1----------------------------
> hidden dims = [162]
> rho = 0.0396760507705299
> beta = 10.129197956845726
layer: 0: 10930it [00:24, 426.33it/s, loss=0.142, stab=4]
[*] nmi = 0.9735652948445751
[*] ncut = 0.05568437247765821

trial 2----------------------------
> hidden dims = [150, 90, 54, 32, 19, 11, 6, 3]
> rho = 0.03142880890840111
> beta = 0.1152644954031561
layer: 0: 17707it [00:40, 469.79it/s, loss=0.188, stab=4]
layer: 1: 16730it [00:38, 403.20it/s, loss=1.49, stab=4]
layer: 2: 15047it [00:34, 447.02it/s, loss=23.7, stab=4]
layer: 3: 28328it [01:04, 420.71it/s, loss=152, stab=4]
layer: 4: 17678it [00:40, 483.26it/s, loss=122, stab=4]
layer: 5: 6808it [00:15, 448.97it/s, loss=30.7, stab=4]
layer: 6: 6956it [00:16, 461.90it/s, loss=24, stab=4]
layer: 7: 6258it [00:14, 431.21it/s, loss=12.8, stab=4]
[*] nmi = 0.051644227790293776
[*] ncut = 1.138501681026917

trial 3----------------------------
> hidden dims = [162, 105, 68]
> rho = 0.0037520558551242854
> beta = 1.4445251022763053
layer: 0: 20018it [00:47, 408.41it/s, loss=0.368, stab=4]
layer: 1: 20569it [00:48, 414.57it/s, loss=0.425, stab=4]
layer: 2: 21247it [00:49, 401.04it/s, loss=0.582, stab=4]
[*] nmi = 0.14820000648680634
[*] ncut = 1.163430511562483

trial 4----------------------------
> hidden dims = [200, 160, 128]
> rho = 0.0007523742884534858
> beta = 0.6789053271698483
layer: 0: 18733it [00:45, 417.40it/s, loss=0.526, stab=4]
layer: 1: 18215it [00:44, 409.89it/s, loss=0.597, stab=4]
layer: 2: 18094it [00:42, 426.63it/s, loss=0.726, stab=4]
[*] nmi = 0.03244809205366573
[*] ncut = 1.230197277561241

trial 5----------------------------
> hidden dims = [212, 180, 153, 130, 110]
> rho = 0.003489018845491387
> beta = 9.163741808778772
layer: 0: 25522it [00:58, 428.21it/s, loss=0.182, stab=4]
layer: 1: 26802it [01:02, 418.78it/s, loss=0.179, stab=4]
layer: 2: 28003it [01:04, 440.02it/s, loss=0.209, stab=4]
layer: 3: 13783it [00:32, 434.50it/s, loss=28.9, stab=4]
layer: 4: 13874it [00:31, 454.22it/s, loss=0.197, stab=4]
[*] nmi = 0.013675523113005957
[*] ncut = 1.3839218929846906

trial 6----------------------------
> hidden dims = [200, 160, 128, 102]
> rho = 0.00015673095467235422
> beta = 555.1721685244722
layer: 0: 8385it [00:19, 394.65it/s, loss=51.8, stab=4]
layer: 1: 10343it [00:23, 467.46it/s, loss=0.0536, stab=4]
layer: 2: 10188it [00:23, 447.95it/s, loss=0.0575, stab=4]
layer: 3: 10412it [00:23, 463.24it/s, loss=0.0361, stab=4]
[*] nmi = 0.5928257317493931
[*] ncut = 0.693231007034327

trial 7----------------------------
> hidden dims = [212, 180, 153, 130, 110, 93, 79, 67]
> rho = 0.00019634341572933326
> beta = 26.373339933815235
layer: 0: 40904it [01:34, 447.70it/s, loss=0.803, stab=4]
layer: 1: 12280it [00:28, 459.82it/s, loss=1.28, stab=4]
layer: 2: 12304it [00:28, 416.37it/s, loss=0.103, stab=4]
layer: 3: 12145it [00:27, 382.21it/s, loss=0.105, stab=4]
layer: 4: 11966it [00:27, 460.85it/s, loss=0.106, stab=4]
layer: 5: 11842it [00:26, 459.45it/s, loss=0.101, stab=4]
layer: 6: 11637it [00:26, 449.85it/s, loss=0.105, stab=4]
layer: 7: 11343it [00:25, 464.77it/s, loss=0.113, stab=4]
[*] nmi = 0.12912932538339697
[*] ncut = 1.2374000429396599

trial 8----------------------------
> hidden dims = [150, 90, 54, 32]
> rho = 0.00012681352169084607
> beta = 352.0481045526035
layer: 0: 13717it [00:31, 462.31it/s, loss=51.8, stab=4]
layer: 1: 16357it [00:37, 446.40it/s, loss=0.0452, stab=4]
layer: 2: 16043it [00:35, 402.08it/s, loss=0.0479, stab=4]
layer: 3: 15719it [00:34, 413.50it/s, loss=0.0496, stab=4]
[*] nmi = 0.608040011772978
[*] ncut = 0.6425170221241348

trial 9----------------------------
> hidden dims = [200, 160, 128, 102, 81, 64]
> rho = 0.0036324869566766076
> beta = 5.414413211338521
layer: 0: 23700it [00:54, 418.42it/s, loss=0.341, stab=4]
layer: 1: 23076it [00:54, 464.32it/s, loss=0.265, stab=4]
layer: 2: 24388it [00:57, 455.38it/s, loss=0.296, stab=4]
layer: 3: 26277it [01:02, 423.80it/s, loss=0.281, stab=4]
layer: 4: 27921it [01:06, 417.85it/s, loss=0.312, stab=4]
layer: 5: 12752it [00:30, 449.82it/s, loss=13.4, stab=4]
[*] nmi = 0.020201929052478317
[*] ncut = 1.568342324190823

trial 10----------------------------
> hidden dims = [175]
> rho = 0.08102356207766644
> beta = 0.012297288957910173
layer: 0: 7623it [00:18, 397.09it/s, loss=0.464, stab=4]
[*] nmi = 0.4539530261263413
[*] ncut = 0.5828688311339878

trial 11----------------------------
> hidden dims = [175]
> rho = 0.0869821884209373
> beta = 0.0267870779847426
layer: 0: 9354it [00:22, 424.77it/s, loss=0.364, stab=4]
[*] nmi = 0.46079334038291697
[*] ncut = 0.576379528260768

trial 12----------------------------
> hidden dims = [175]
> rho = 0.08332447280612446
> beta = 0.01816873758001114
layer: 0: 9723it [00:23, 435.40it/s, loss=0.361, stab=4]
[*] nmi = 0.3465128814390656
[*] ncut = 0.5691128713579109

trial 13----------------------------
> hidden dims = [162]
> rho = 0.020085284748997248
> beta = 88.00770565263993
layer: 0: 14984it [00:34, 448.28it/s, loss=0.113, stab=4]
[*] nmi = 0.9048195686488626
[*] ncut = 0.07679677270331059

trial 14----------------------------
> hidden dims = [162, 105]
> rho = 0.019307989513270327
> beta = 73.32083866967166
layer: 0: 14788it [00:34, 442.62it/s, loss=0.108, stab=4]
layer: 1: 13744it [00:31, 428.71it/s, loss=0.463, stab=4]
[*] nmi = 0.7271904675602666
[*] ncut = 0.13319004025524434

trial 15----------------------------
> hidden dims = [162, 105]
> rho = 0.0090947182656922
> beta = 171.78317166633624
layer: 0: 19029it [00:44, 406.62it/s, loss=0.0973, stab=4]
layer: 1: 6695it [00:15, 446.32it/s, loss=159, stab=4]
[*] nmi = 0.24891250487294597
[*] ncut = 1.4106843764631964

trial 16----------------------------
> hidden dims = [187, 140, 105, 78, 58, 43, 32, 24, 18, 13, 9, 6, 4]
> rho = 0.028920781369487156
> beta = 51.87801041960706
layer: 0: 11452it [00:26, 448.73it/s, loss=0.106, stab=4]
layer: 1: 11497it [00:26, 462.54it/s, loss=0.304, stab=4]
layer: 2: 10541it [00:24, 442.63it/s, loss=0.471, stab=4]
layer: 3: 11012it [00:25, 374.51it/s, loss=0.488, stab=4]
layer: 4: 12135it [00:27, 479.42it/s, loss=1.45, stab=4]
layer: 5: 12024it [00:27, 480.53it/s, loss=1.69, stab=4]
layer: 6: 15791it [00:36, 450.94it/s, loss=0.844, stab=4]
layer: 7: 18131it [00:40, 425.10it/s, loss=1.05, stab=4]
layer: 8: 17554it [00:39, 459.48it/s, loss=0.97, stab=4]
layer: 9: 16120it [00:36, 460.38it/s, loss=0.62, stab=4]
layer: 10: 2845it [00:06, 418.45it/s, loss=13.7, stab=4]
layer: 11: 2669it [00:06, 414.80it/s, loss=0.159, stab=4]
layer: 12: 2557it [00:06, 444.25it/s, loss=0.118, stab=4]
[*] nmi = 0.027870274008326288
[*] ncut = 1.4484022134924948

trial 17----------------------------
> hidden dims = [150, 90]
> rho = 0.00853132668272839
> beta = 0.48427007906564595
layer: 0: 16356it [00:38, 383.33it/s, loss=0.202, stab=4]
layer: 1: 17994it [00:42, 421.51it/s, loss=0.39, stab=4]
[*] nmi = 0.34549327613433445
[*] ncut = 0.7829064587448722

trial 18----------------------------
> hidden dims = [225, 202, 181, 162, 145, 130, 117, 105, 94, 84, 75, 67, 60, 54, 48, 43, 38, 34, 30, 27, 24, 21, 18, 16, 14, 12]
> rho = 0.039374194477081285
> beta = 27.911238959058345
layer: 0: 11141it [00:27, 407.66it/s, loss=0.127, stab=4]
layer: 1: 10920it [00:26, 434.43it/s, loss=0.244, stab=4]
layer: 2: 10104it [00:23, 425.75it/s, loss=0.231, stab=4]
layer: 3: 10384it [00:24, 440.12it/s, loss=0.236, stab=4]
layer: 4: 11753it [00:27, 427.22it/s, loss=0.237, stab=4]
layer: 5: 11034it [00:25, 467.49it/s, loss=0.354, stab=4]
layer: 6: 12569it [00:29, 338.85it/s, loss=0.278, stab=4]
layer: 7: 11299it [00:25, 435.72it/s, loss=0.846, stab=4]
layer: 8: 11874it [00:27, 410.76it/s, loss=1.17, stab=4]
layer: 9: 11757it [00:26, 428.32it/s, loss=1.03, stab=4]
layer: 10: 12612it [00:28, 411.84it/s, loss=1.2, stab=4]
layer: 11: 11391it [00:25, 442.37it/s, loss=1.46, stab=4]
layer: 12: 12769it [00:29, 455.79it/s, loss=1.54, stab=4]
layer: 13: 13029it [00:29, 444.66it/s, loss=1.17, stab=4]
layer: 14: 13463it [00:31, 412.38it/s, loss=1.43, stab=4]
layer: 15: 13565it [00:31, 447.57it/s, loss=1.13, stab=4]
layer: 16: 14233it [00:34, 423.44it/s, loss=1.44, stab=4]
layer: 17: 15706it [00:37, 401.56it/s, loss=1.35, stab=4]
layer: 18: 16228it [00:38, 440.12it/s, loss=1.3, stab=4]
layer: 19: 16824it [00:39, 429.24it/s, loss=1.42, stab=4]
layer: 20: 17418it [00:37, 480.64it/s, loss=0.95, stab=4]
layer: 21: 16832it [00:35, 423.73it/s, loss=0.749, stab=4]
layer: 22: 16102it [00:33, 490.10it/s, loss=0.954, stab=4]
layer: 23: 15654it [00:31, 492.52it/s, loss=0.774, stab=4]
layer: 24: 17530it [00:32, 559.02it/s, loss=0.583, stab=4]
layer: 25: 16395it [00:30, 566.10it/s, loss=0.593, stab=4]
[*] nmi = 0.014959186752277032
[*] ncut = 1.5300968664825514

trial 19----------------------------
> hidden dims = [187, 140, 105, 78, 58, 43, 32, 24, 18, 13]
> rho = 0.0007695060897387617
> beta = 126.40536937953189
layer: 0: 10150it [00:18, 563.13it/s, loss=51.8, stab=4]
layer: 1: 11745it [00:21, 588.51it/s, loss=0.0934, stab=4]
layer: 2: 11644it [00:21, 519.25it/s, loss=0.0887, stab=4]
layer: 3: 11330it [00:20, 475.11it/s, loss=0.1, stab=4]
layer: 4: 11332it [00:21, 557.57it/s, loss=0.0882, stab=4]
layer: 5: 11057it [00:20, 568.08it/s, loss=0.097, stab=4]
layer: 6: 10809it [00:20, 507.04it/s, loss=0.105, stab=4]
layer: 7: 10635it [00:19, 558.68it/s, loss=0.0984, stab=4]
layer: 8: 10466it [00:19, 502.95it/s, loss=0.104, stab=4]
layer: 9: 10300it [00:18, 533.95it/s, loss=0.103, stab=4]
[*] nmi = 0.6074164229279613
[*] ncut = 0.6376325605462064
========================================================
========================================================
[*] best nmi = 0.9735652948445751
[*] best ncut = 0.05568437247765821
[*] best ncut nmi = 0.9735652948445751
