[*] nts.shape: (250, 250)
[*] number of clusters: 3
[*] nmi: 0.2764341330620348
[*] ncut: 1.4498894705303629
[*] nmi: 0.83123510507957
[*] ncut: 0.24287789128537723
[*] using device: cuda

trial 0----------------------------
> hidden dims = [175, 122, 85, 59, 41, 28, 19, 13, 9, 6, 4]
> rho = 0.015702970884055395
> beta = 9.846738873614559
layer: 0: 17364it [00:36, 484.52it/s, loss=0.137, stab=4]
layer: 1: 17010it [00:41, 426.30it/s, loss=0.263, stab=4]
layer: 2: 18684it [00:40, 460.34it/s, loss=0.416, stab=4]
layer: 3: 21155it [00:46, 431.12it/s, loss=0.523, stab=4]
layer: 4: 23640it [00:52, 462.10it/s, loss=0.87, stab=4]
layer: 5: 27673it [01:01, 459.25it/s, loss=0.753, stab=4]
layer: 6: 9577it [00:20, 503.48it/s, loss=11.6, stab=4]
layer: 7: 9462it [00:20, 454.31it/s, loss=0.1, stab=4]
layer: 8: 9402it [00:21, 464.34it/s, loss=0.0777, stab=4]
layer: 9: 8949it [00:20, 382.97it/s, loss=0.0675, stab=4]
layer: 10: 8609it [00:19, 416.45it/s, loss=0.0681, stab=4]
[*] nmi = 0.008013152360793745
[*] ncut = 1.5068430884801272

trial 1----------------------------
> hidden dims = [162]
> rho = 0.0396760507705299
> beta = 10.129197956845726
layer: 0: 10910it [00:24, 475.83it/s, loss=0.149, stab=4]
[*] nmi = 0.7591952865016229
[*] ncut = 0.25421557575245257

trial 2----------------------------
> hidden dims = [150, 90, 54, 32, 19, 11, 6, 3]
> rho = 0.03142880890840111
> beta = 0.1152644954031561
layer: 0: 17729it [00:40, 453.36it/s, loss=0.184, stab=4]
layer: 1: 16328it [00:36, 453.54it/s, loss=1.54, stab=4]
layer: 2: 14047it [00:31, 451.37it/s, loss=26.2, stab=4]
layer: 3: 14326it [00:32, 454.66it/s, loss=151, stab=4]
layer: 4: 10881it [00:24, 407.11it/s, loss=136, stab=4]
layer: 5: 5734it [00:13, 404.81it/s, loss=36.2, stab=4]
layer: 6: 8043it [00:18, 449.59it/s, loss=25.6, stab=4]
layer: 7: 4834it [00:11, 390.30it/s, loss=12.6, stab=4]
[*] nmi = 0.04137171384944432
[*] ncut = 0.9983341138210198

trial 3----------------------------
> hidden dims = [162, 105, 68]
> rho = 0.0037520558551242854
> beta = 1.4445251022763053
layer: 0: 20016it [00:48, 385.90it/s, loss=0.365, stab=4]
layer: 1: 20564it [00:48, 442.03it/s, loss=0.429, stab=4]
layer: 2: 21487it [00:50, 428.96it/s, loss=0.556, stab=4]
[*] nmi = 0.03857962110107554
[*] ncut = 1.1916311237632715

trial 4----------------------------
> hidden dims = [200, 160, 128]
> rho = 0.0007523742884534858
> beta = 0.6789053271698483
layer: 0: 18599it [00:44, 426.17it/s, loss=0.542, stab=4]
layer: 1: 18016it [00:43, 413.26it/s, loss=0.635, stab=4]
layer: 2: 18142it [00:41, 453.25it/s, loss=0.738, stab=4]
[*] nmi = 0.033769387231559755
[*] ncut = 1.2482514930653537

trial 5----------------------------
> hidden dims = [212, 180, 153, 130, 110]
> rho = 0.003489018845491387
> beta = 9.163741808778772
layer: 0: 25704it [00:59, 434.54it/s, loss=0.194, stab=4]
layer: 1: 26973it [01:02, 475.66it/s, loss=0.187, stab=4]
layer: 2: 28159it [01:04, 486.22it/s, loss=0.213, stab=4]
layer: 3: 14461it [00:33, 453.88it/s, loss=28.7, stab=4]
layer: 4: 14079it [00:31, 423.22it/s, loss=0.21, stab=4]
[*] nmi = 0.02227189220020534
[*] ncut = 1.1855323151695687

trial 6----------------------------
> hidden dims = [200, 160, 128, 102]
> rho = 0.00015673095467235422
> beta = 555.1721685244722
layer: 0: 8404it [00:19, 451.43it/s, loss=52.5, stab=4]
layer: 1: 10213it [00:23, 448.32it/s, loss=0.0656, stab=4]
layer: 2: 10432it [00:23, 448.87it/s, loss=0.0396, stab=4]
layer: 3: 10056it [00:22, 418.88it/s, loss=0.0621, stab=4]
[*] nmi = 0.4923517599036368
[*] ncut = 0.865455053683542

trial 7----------------------------
> hidden dims = [212, 180, 153, 130, 110, 93, 79, 67]
> rho = 0.00019634341572933326
> beta = 26.373339933815235
layer: 0: 39987it [01:32, 467.84it/s, loss=0.804, stab=4]
layer: 1: 12341it [00:28, 430.45it/s, loss=1.41, stab=4]
layer: 2: 12320it [00:27, 386.00it/s, loss=0.102, stab=4]
layer: 3: 12175it [00:27, 483.13it/s, loss=0.102, stab=4]
layer: 4: 11961it [00:26, 442.46it/s, loss=0.107, stab=4]
layer: 5: 11860it [00:26, 471.74it/s, loss=0.0992, stab=4]
layer: 6: 11596it [00:25, 426.75it/s, loss=0.109, stab=4]
layer: 7: 11409it [00:25, 411.00it/s, loss=0.107, stab=4]
[*] nmi = 0.10045111684860346
[*] ncut = 1.3279106397139215

trial 8----------------------------
> hidden dims = [150, 90, 54, 32]
> rho = 0.00012681352169084607
> beta = 352.0481045526035
layer: 0: 13724it [00:32, 428.21it/s, loss=52.5, stab=4]
layer: 1: 16280it [00:36, 472.87it/s, loss=0.0505, stab=4]
layer: 2: 15976it [00:35, 466.43it/s, loss=0.0525, stab=4]
layer: 3: 15752it [00:35, 460.73it/s, loss=0.0474, stab=4]
[*] nmi = 0.5161604190006134
[*] ncut = 0.8259267077305108

trial 9----------------------------
> hidden dims = [200, 160, 128, 102, 81, 64]
> rho = 0.0036324869566766076
> beta = 5.414413211338521
layer: 0: 23804it [00:55, 411.51it/s, loss=0.222, stab=4]
layer: 1: 23190it [00:54, 447.87it/s, loss=0.236, stab=4]
layer: 2: 24487it [00:57, 428.53it/s, loss=0.346, stab=4]
layer: 3: 25774it [01:01, 420.22it/s, loss=0.277, stab=4]
layer: 4: 27764it [01:05, 434.77it/s, loss=0.3, stab=4]
layer: 5: 12657it [00:29, 444.13it/s, loss=15.6, stab=4]
[*] nmi = 0.012796099318226013
[*] ncut = 1.4894505626853771

trial 10----------------------------
> hidden dims = [175]
> rho = 0.08102356207766644
> beta = 0.012297288957910173
layer: 0: 7375it [00:18, 435.86it/s, loss=0.496, stab=4]
[*] nmi = 0.44948146905560565
[*] ncut = 0.5245145673703373

trial 11----------------------------
> hidden dims = [175]
> rho = 0.0869821884209373
> beta = 0.0267870779847426
layer: 0: 8926it [00:21, 428.00it/s, loss=0.425, stab=4]
[*] nmi = 0.279978801328811
[*] ncut = 0.5997449802917743

trial 12----------------------------
> hidden dims = [175]
> rho = 0.08283046957655409
> beta = 0.018180218626306137
layer: 0: 8904it [00:20, 451.88it/s, loss=0.439, stab=4]
[*] nmi = 0.28025992538918376
[*] ncut = 0.6867123399914349

trial 13----------------------------
> hidden dims = [162]
> rho = 0.020085284748997248
> beta = 88.00770565263993
layer: 0: 14529it [00:33, 436.94it/s, loss=0.113, stab=4]
[*] nmi = 0.47384932068023033
[*] ncut = 0.38043484952258777

trial 14----------------------------
> hidden dims = [162, 105]
> rho = 0.019307989513270327
> beta = 73.32083866967166
layer: 0: 14922it [00:34, 392.89it/s, loss=0.115, stab=4]
layer: 1: 13829it [00:31, 446.63it/s, loss=0.381, stab=4]
[*] nmi = 0.5068105743085823
[*] ncut = 0.34728866391569835

trial 15----------------------------
> hidden dims = [162, 105]
> rho = 0.0090947182656922
> beta = 171.78317166633624
layer: 0: 18306it [00:42, 464.26it/s, loss=0.124, stab=4]
layer: 1: 6545it [00:15, 418.87it/s, loss=161, stab=4]
[*] nmi = 0.07884671538258865
[*] ncut = 1.399461169507052

trial 16----------------------------
> hidden dims = [187, 140, 105, 78, 58, 43, 32, 24, 18, 13, 9, 6, 4]
> rho = 0.008325983989096961
> beta = 46.25885719710283
layer: 0: 17543it [00:40, 471.16it/s, loss=0.0977, stab=4]
layer: 1: 15535it [00:35, 462.94it/s, loss=0.245, stab=4]
layer: 2: 16671it [00:37, 481.25it/s, loss=0.267, stab=4]
layer: 3: 6396it [00:14, 478.94it/s, loss=104, stab=4]
layer: 4: 6369it [00:14, 472.47it/s, loss=0.138, stab=4]
layer: 5: 6305it [00:14, 440.56it/s, loss=0.208, stab=4]
layer: 6: 6347it [00:14, 494.83it/s, loss=0.201, stab=4]
layer: 7: 6182it [00:13, 404.98it/s, loss=0.157, stab=4]
layer: 8: 6296it [00:14, 449.56it/s, loss=0.124, stab=4]
layer: 9: 6186it [00:13, 434.23it/s, loss=0.105, stab=4]
layer: 10: 6194it [00:14, 409.36it/s, loss=0.0971, stab=4]
layer: 11: 5905it [00:13, 458.88it/s, loss=0.101, stab=4]
layer: 12: 5584it [00:12, 459.19it/s, loss=0.107, stab=4]
[*] nmi = 0.005978054452003946
[*] ncut = 1.6433880158252583

trial 17----------------------------
> hidden dims = [150, 90]
> rho = 0.03451845690670142
> beta = 0.4173893328168097
layer: 0: 11478it [00:26, 471.26it/s, loss=0.136, stab=4]
layer: 1: 10065it [00:22, 436.40it/s, loss=1.52, stab=4]
[*] nmi = 0.4381151071194278
[*] ncut = 0.6290623857220667

trial 18----------------------------
> hidden dims = [225, 202, 181, 162, 145, 130, 117, 105, 94, 84, 75, 67, 60, 54, 48, 43, 38, 34, 30, 27, 24, 21, 18, 16, 14]
> rho = 0.0017604344110565304
> beta = 27.911238959058345
layer: 0: 24495it [00:57, 425.76it/s, loss=0.119, stab=4]
layer: 1: 8650it [00:20, 422.77it/s, loss=28.2, stab=4]
layer: 2: 8606it [00:20, 412.20it/s, loss=0.109, stab=4]
layer: 3: 8570it [00:20, 427.47it/s, loss=0.116, stab=4]
layer: 4: 8561it [00:20, 416.87it/s, loss=0.119, stab=4]
layer: 5: 8439it [00:20, 342.01it/s, loss=0.119, stab=4]
layer: 6: 8366it [00:19, 461.92it/s, loss=0.12, stab=4]
layer: 7: 8384it [00:19, 459.64it/s, loss=0.111, stab=4]
layer: 8: 8304it [00:19, 440.07it/s, loss=0.112, stab=4]
layer: 9: 8173it [00:18, 420.84it/s, loss=0.117, stab=4]
layer: 10: 8157it [00:19, 458.13it/s, loss=0.115, stab=4]
layer: 11: 8045it [00:18, 448.85it/s, loss=0.116, stab=4]
layer: 12: 7898it [00:17, 463.45it/s, loss=0.122, stab=4]
layer: 13: 7789it [00:17, 448.13it/s, loss=0.12, stab=4]
layer: 14: 7731it [00:17, 448.15it/s, loss=0.119, stab=4]
layer: 15: 7689it [00:17, 425.76it/s, loss=0.119, stab=4]
layer: 16: 7622it [00:17, 436.34it/s, loss=0.123, stab=4]
layer: 17: 7575it [00:17, 426.73it/s, loss=0.124, stab=4]
layer: 18: 7386it [00:16, 451.02it/s, loss=0.126, stab=4]
layer: 19: 7358it [00:16, 449.45it/s, loss=0.133, stab=4]
layer: 20: 7380it [00:16, 400.20it/s, loss=0.129, stab=4]
layer: 21: 7334it [00:16, 470.47it/s, loss=0.133, stab=4]
layer: 22: 7142it [00:16, 431.12it/s, loss=0.137, stab=4]
layer: 23: 6894it [00:15, 437.41it/s, loss=0.135, stab=4]
layer: 24: 6881it [00:15, 438.75it/s, loss=0.139, stab=4]
[*] nmi = 0.16098030718546397
[*] ncut = 1.2759495187812366

trial 19----------------------------
> hidden dims = [187, 140, 105, 78, 58, 43]
> rho = 0.009664628244881013
> beta = 3.266156465635307
layer: 0: 13041it [00:30, 430.92it/s, loss=0.233, stab=4]
layer: 1: 13908it [00:32, 469.06it/s, loss=0.203, stab=4]
layer: 2: 14750it [00:34, 434.43it/s, loss=0.246, stab=4]
layer: 3: 15711it [00:37, 425.65it/s, loss=0.309, stab=4]
layer: 4: 17300it [00:40, 477.95it/s, loss=0.411, stab=4]
layer: 5: 16178it [00:38, 378.34it/s, loss=0.995, stab=4]
[*] nmi = 0.005822590298667455
[*] ncut = 1.5903112785453484
========================================================
========================================================
[*] best nmi = 0.7591952865016229
[*] best ncut = 0.25421557575245257
[*] best ncut nmi = 0.7591952865016229
