[*] nts.shape: (250, 250)
[*] number of clusters: 3
[*] nmi: 0.01303179095665665
[*] ncut: 1.7284676063533764
[*] nmi: 0.009726454476279345
[*] ncut: 0.5180857736728192
[*] using device: cuda

trial 0----------------------------
> hidden dims = [175, 122, 85, 59, 41, 28, 19, 13, 9, 6, 4]
> rho = 0.015702970884055395
> beta = 9.846738873614559
layer: 0: 17291it [00:33, 556.75it/s, loss=0.142, stab=4]
layer: 1: 17054it [00:32, 375.77it/s, loss=0.241, stab=4]
layer: 2: 18947it [00:38, 533.29it/s, loss=0.34, stab=4]
layer: 3: 21240it [00:37, 572.28it/s, loss=0.514, stab=4]
layer: 4: 23855it [00:42, 615.04it/s, loss=0.65, stab=4]
layer: 5: 28518it [00:50, 582.41it/s, loss=0.796, stab=4]
layer: 6: 9587it [00:17, 585.27it/s, loss=10.6, stab=4]
layer: 7: 9465it [00:16, 550.34it/s, loss=0.112, stab=4]
layer: 8: 9396it [00:16, 588.39it/s, loss=0.0819, stab=4]
layer: 9: 8953it [00:15, 521.92it/s, loss=0.0695, stab=4]
layer: 10: 8613it [00:15, 508.41it/s, loss=0.0682, stab=4]
[*] nmi = 0.0078078978064424496
[*] ncut = 1.3919857662339046

trial 1----------------------------
> hidden dims = [162]
> rho = 0.0396760507705299
> beta = 10.129197956845726
layer: 0: 10858it [00:19, 564.88it/s, loss=0.151, stab=4]
[*] nmi = 0.004120318364949456
[*] ncut = 0.6110958672312351

trial 2----------------------------
> hidden dims = [150, 90, 54, 32, 19, 11, 6, 3]
> rho = 0.03142880890840111
> beta = 0.1152644954031561
layer: 0: 17688it [00:31, 527.39it/s, loss=0.188, stab=4]
layer: 1: 16292it [00:29, 574.63it/s, loss=1.53, stab=4]
layer: 2: 13994it [00:24, 538.70it/s, loss=28.4, stab=4]
layer: 3: 27233it [00:48, 590.73it/s, loss=152, stab=4]
layer: 4: 14083it [00:24, 565.29it/s, loss=117, stab=4]
layer: 5: 6040it [00:11, 551.27it/s, loss=29.6, stab=4]
layer: 6: 7825it [00:13, 567.82it/s, loss=24.7, stab=4]
layer: 7: 4177it [00:07, 590.29it/s, loss=12.3, stab=4]
[*] nmi = 0.007154686469197871
[*] ncut = 1.2128042337263272

trial 3----------------------------
> hidden dims = [162, 105, 68]
> rho = 0.0037520558551242854
> beta = 1.4445251022763053
layer: 0: 20211it [00:36, 548.87it/s, loss=0.359, stab=4]
layer: 1: 20465it [00:37, 568.01it/s, loss=0.429, stab=4]
layer: 2: 21462it [00:38, 553.96it/s, loss=0.556, stab=4]
[*] nmi = 0.005553942196619341
[*] ncut = 1.3158831661175294

trial 4----------------------------
> hidden dims = [200, 160, 128]
> rho = 0.0007523742884534858
> beta = 0.6789053271698483
layer: 0: 18912it [00:34, 580.74it/s, loss=0.522, stab=4]
layer: 1: 18174it [00:33, 558.15it/s, loss=0.608, stab=4]
layer: 2: 18279it [00:32, 510.40it/s, loss=0.712, stab=4]
[*] nmi = 0.003785937215695688
[*] ncut = 1.3211729732711706

trial 5----------------------------
> hidden dims = [212, 180, 153, 130, 110]
> rho = 0.003489018845491387
> beta = 9.163741808778772
layer: 0: 25871it [00:46, 522.27it/s, loss=0.219, stab=4]
layer: 1: 26969it [00:49, 464.38it/s, loss=0.183, stab=4]
layer: 2: 14797it [00:27, 539.71it/s, loss=42.6, stab=4]
layer: 3: 14185it [00:26, 545.70it/s, loss=0.341, stab=4]
layer: 4: 14137it [00:25, 549.04it/s, loss=0.365, stab=4]
[*] nmi = 0.006923948151239239
[*] ncut = 0.9452890901452465

trial 6----------------------------
> hidden dims = [200, 160, 128, 102]
> rho = 0.00015673095467235422
> beta = 555.1721685244722
layer: 0: 8880it [00:16, 564.86it/s, loss=52.6, stab=4]
layer: 1: 10922it [00:19, 457.84it/s, loss=0.0266, stab=4]
layer: 2: 10199it [00:18, 543.41it/s, loss=0.057, stab=4]
layer: 3: 9941it [00:17, 538.75it/s, loss=0.0748, stab=4]
[*] nmi = 0.010733488578889464
[*] ncut = 1.3017275464533637

trial 7----------------------------
> hidden dims = [212, 180, 153, 130, 110, 93, 79, 67]
> rho = 0.00019634341572933326
> beta = 26.373339933815235
layer: 0: 39481it [01:12, 553.67it/s, loss=0.901, stab=4]
layer: 1: 12305it [00:22, 526.17it/s, loss=1.35, stab=4]
layer: 2: 12352it [00:23, 445.06it/s, loss=0.0988, stab=4]
layer: 3: 12178it [00:22, 574.95it/s, loss=0.102, stab=4]
layer: 4: 11967it [00:21, 548.21it/s, loss=0.106, stab=4]
layer: 5: 11842it [00:21, 569.39it/s, loss=0.101, stab=4]
layer: 6: 11637it [00:20, 568.18it/s, loss=0.105, stab=4]
layer: 7: 11343it [00:19, 571.98it/s, loss=0.113, stab=4]
[*] nmi = 0.008454029761747965
[*] ncut = 1.4975354070428248

trial 8----------------------------
> hidden dims = [150, 90, 54, 32]
> rho = 0.00012681352169084607
> beta = 352.0481045526035
layer: 0: 13462it [00:24, 582.80it/s, loss=52.6, stab=4]
layer: 1: 16277it [00:28, 517.73it/s, loss=0.0504, stab=4]
layer: 2: 15976it [00:28, 562.46it/s, loss=0.0525, stab=4]
layer: 3: 15752it [00:27, 565.13it/s, loss=0.0474, stab=4]
[*] nmi = 0.0086833003058979
[*] ncut = 1.3320786532302968

trial 9----------------------------
> hidden dims = [200, 160, 128, 102, 81, 64]
> rho = 0.0036324869566766076
> beta = 5.414413211338521
layer: 0: 23782it [00:42, 578.90it/s, loss=0.294, stab=4]
layer: 1: 23565it [00:43, 559.50it/s, loss=0.249, stab=4]
layer: 2: 25023it [00:44, 559.46it/s, loss=0.271, stab=4]
layer: 3: 27086it [00:48, 577.73it/s, loss=0.28, stab=4]
layer: 4: 28888it [00:50, 543.82it/s, loss=0.315, stab=4]
layer: 5: 15188it [00:27, 594.45it/s, loss=10.2, stab=4]
[*] nmi = 0.015037742493732952
[*] ncut = 1.471975806451613

trial 10----------------------------
> hidden dims = [175]
> rho = 0.08102356207766644
> beta = 0.012297288957910173
layer: 0: 7358it [00:13, 568.15it/s, loss=0.501, stab=4]
[*] nmi = 0.005801176113881447
[*] ncut = 0.7073330436018115

trial 11----------------------------
> hidden dims = [175]
> rho = 0.0869821884209373
> beta = 0.0267870779847426
layer: 0: 9560it [00:17, 578.30it/s, loss=0.338, stab=4]
[*] nmi = 0.011013979221833843
[*] ncut = 0.8932598244465333

trial 12----------------------------
> hidden dims = [175]
> rho = 0.08283046957655409
> beta = 0.018180218626306137
layer: 0: 9338it [00:17, 516.59it/s, loss=0.383, stab=4]
[*] nmi = 0.009749784277392558
[*] ncut = 0.8578853111587688

trial 13----------------------------
> hidden dims = [162]
> rho = 0.020085284748997248
> beta = 88.00770565263993
layer: 0: 14663it [00:27, 544.43it/s, loss=0.133, stab=4]
[*] nmi = 0.0026890007415493666
[*] ncut = 0.7306658731133251

trial 14----------------------------
> hidden dims = [187, 140, 105, 78, 58, 43, 32, 24, 18, 13, 9, 6, 4]
> rho = 0.038514058782902705
> beta = 0.32585450229821944
layer: 0: 11225it [00:21, 537.35it/s, loss=0.146, stab=4]
layer: 1: 10242it [00:19, 549.63it/s, loss=0.998, stab=4]
layer: 2: 14988it [00:27, 567.09it/s, loss=1.02, stab=4]
layer: 3: 9370it [00:17, 592.62it/s, loss=5.23, stab=4]
layer: 4: 12344it [00:22, 536.16it/s, loss=20, stab=4]
layer: 5: 28084it [00:50, 566.98it/s, loss=48.3, stab=4]
layer: 6: 17408it [00:31, 584.11it/s, loss=66.2, stab=4]
layer: 7: 5040it [00:08, 592.73it/s, loss=32.8, stab=4]
layer: 8: 2514it [00:04, 560.88it/s, loss=19.7, stab=4]
layer: 9: 3347it [00:05, 575.34it/s, loss=15.5, stab=4]
layer: 10: 4510it [00:08, 579.73it/s, loss=10.4, stab=4]
layer: 11: 4781it [00:08, 477.60it/s, loss=5.88, stab=4]
layer: 12: 3018it [00:05, 558.27it/s, loss=4.1, stab=4]
[*] nmi = 0.004853498651806856
[*] ncut = 1.4104455492791965

trial 15----------------------------
> hidden dims = [162, 105]
> rho = 0.00969785489235403
> beta = 0.12623083417192332
layer: 0: 16597it [00:29, 580.24it/s, loss=0.2, stab=4]
layer: 1: 15803it [00:28, 570.75it/s, loss=0.67, stab=4]
[*] nmi = 0.003043408755718656
[*] ncut = 0.9768903229214182

trial 16----------------------------
> hidden dims = [187, 140, 105, 78, 58, 43]
> rho = 0.008913564339856605
> beta = 52.54417359347352
layer: 0: 15021it [00:27, 543.74it/s, loss=0.114, stab=4]
layer: 1: 13537it [00:24, 541.27it/s, loss=0.35, stab=4]
layer: 2: 14602it [00:26, 482.76it/s, loss=0.18, stab=4]
layer: 3: 4726it [00:08, 572.41it/s, loss=115, stab=4]
layer: 4: 4705it [00:08, 558.53it/s, loss=0.176, stab=4]
layer: 5: 4724it [00:08, 560.06it/s, loss=0.216, stab=4]
[*] nmi = 0.0037618221748094475
[*] ncut = 1.5504743629731383

trial 17----------------------------
> hidden dims = [225, 202, 181, 162, 145, 130, 117, 105, 94, 84, 75, 67, 60, 54, 48, 43, 38, 34, 30, 27, 24, 21, 18, 16, 14]
> rho = 0.0012518805951461296
> beta = 2.044437281680663
layer: 0: 19685it [00:36, 544.01it/s, loss=0.986, stab=4]
layer: 1: 20824it [00:39, 519.90it/s, loss=0.871, stab=4]
layer: 2: 21817it [00:41, 531.45it/s, loss=0.576, stab=4]
layer: 3: 14662it [00:27, 533.10it/s, loss=3.4, stab=4]
layer: 4: 14276it [00:26, 550.68it/s, loss=0.464, stab=4]
layer: 5: 14305it [00:26, 517.11it/s, loss=0.378, stab=4]
layer: 6: 14452it [00:26, 550.47it/s, loss=0.341, stab=4]
layer: 7: 14797it [00:26, 566.42it/s, loss=0.291, stab=4]
layer: 8: 14919it [00:27, 566.95it/s, loss=0.308, stab=4]
layer: 9: 15250it [00:27, 558.02it/s, loss=0.299, stab=4]
layer: 10: 15247it [00:27, 530.52it/s, loss=0.332, stab=4]
layer: 11: 15500it [00:27, 578.26it/s, loss=0.321, stab=4]
layer: 12: 14915it [00:26, 576.54it/s, loss=0.377, stab=4]
layer: 13: 14818it [00:26, 569.86it/s, loss=0.419, stab=4]
layer: 14: 14974it [00:27, 567.48it/s, loss=0.443, stab=4]
layer: 15: 15068it [00:27, 557.58it/s, loss=0.49, stab=4]
layer: 16: 14979it [00:27, 585.47it/s, loss=0.504, stab=4]
layer: 17: 14939it [00:27, 500.48it/s, loss=0.598, stab=4]
layer: 18: 15250it [00:27, 577.73it/s, loss=0.591, stab=4]
layer: 19: 14727it [00:26, 587.97it/s, loss=0.766, stab=4]
layer: 20: 15364it [00:27, 590.06it/s, loss=0.729, stab=4]
layer: 21: 14446it [00:25, 555.71it/s, loss=0.972, stab=4]
layer: 22: 15129it [00:26, 523.13it/s, loss=1.03, stab=4]
layer: 23: 15437it [00:27, 558.28it/s, loss=1.28, stab=4]
layer: 24: 14225it [00:24, 616.84it/s, loss=1.71, stab=4]
[*] nmi = 0.008066796635673772
[*] ncut = 1.2527096116993102

trial 18----------------------------
> hidden dims = [162, 105]
> rho = 0.05149257346438078
> beta = 0.06726380127466111
layer: 0: 10593it [00:17, 541.87it/s, loss=0.382, stab=4]
layer: 1: 10090it [00:16, 568.26it/s, loss=3.41, stab=4]
[*] nmi = 0.025140083295631575
[*] ncut = 0.8986863308202051

trial 19----------------------------
> hidden dims = [187, 140, 105, 78, 58, 43, 32, 24, 18, 13]
> rho = 0.009529447443267244
> beta = 0.011348695571232807
layer: 0: 9680it [00:16, 610.56it/s, loss=0.65, stab=4]
layer: 1: 93676it [03:00, 445.88it/s, loss=1.6, stab=0]
[!] stopping layer 1 training after 180.00s (> 180s)
layer: 2: 78270it [03:00, 444.15it/s, loss=5.29, stab=0]
[!] stopping layer 2 training after 180.00s (> 180s)
layer: 3: 32508it [01:14, 348.00it/s, loss=21.8, stab=4]
layer: 4: 29008it [01:06, 426.44it/s, loss=40.9, stab=4]
layer: 5: 6876it [00:15, 423.84it/s, loss=44.1, stab=4]
layer: 6: 4417it [00:10, 416.07it/s, loss=37.6, stab=4]
layer: 7: 4005it [00:09, 378.26it/s, loss=28.2, stab=4]
layer: 8: 4300it [00:09, 389.70it/s, loss=21.8, stab=4]
layer: 9: 3477it [00:07, 449.77it/s, loss=15.4, stab=4]
[*] nmi = 0.0046523930809032
[*] ncut = 1.0629704954877355
========================================================
========================================================
[*] best nmi = 0.025140083295631575
[*] best ncut = 0.6110958672312351
[*] best ncut nmi = 0.004120318364949456
