[*] nts.shape: (250, 250)
[*] number of clusters: 3
[*] nmi: 0.10223923670937357
[*] ncut: 1.5767348503494156
[*] nmi: 0.2025166692872941
[*] ncut: 0.4718589711189827
[*] using device: cuda

trial 0----------------------------
> hidden dims = [175, 122, 85, 59, 41, 28, 19, 13, 9, 6, 4]
> rho = 0.015702970884055395
> beta = 9.846738873614559
layer: 0: 17383it [00:42, 402.91it/s, loss=0.143, stab=4]
layer: 1: 17133it [00:37, 464.51it/s, loss=0.26, stab=4]
layer: 2: 19134it [00:42, 466.89it/s, loss=0.26, stab=4]
layer: 3: 21429it [00:47, 449.26it/s, loss=0.506, stab=4]
layer: 4: 25166it [00:56, 459.96it/s, loss=0.913, stab=4]
layer: 5: 28678it [01:03, 482.39it/s, loss=0.785, stab=4]
layer: 6: 9588it [00:21, 378.83it/s, loss=10.6, stab=4]
layer: 7: 9470it [00:21, 477.08it/s, loss=0.102, stab=4]
layer: 8: 9409it [00:21, 452.35it/s, loss=0.0772, stab=4]
layer: 9: 8949it [00:20, 464.91it/s, loss=0.0682, stab=4]
layer: 10: 8609it [00:19, 410.66it/s, loss=0.0681, stab=4]
[*] nmi = 0.0023386525870439444
[*] ncut = 1.5094818252269586

trial 1----------------------------
> hidden dims = [162]
> rho = 0.0396760507705299
> beta = 10.129197956845726
layer: 0: 10839it [00:25, 402.05it/s, loss=0.15, stab=4]
[*] nmi = 0.052459605443768716
[*] ncut = 0.732278840870767

trial 2----------------------------
> hidden dims = [150, 90, 54, 32, 19, 11, 6, 3]
> rho = 0.03142880890840111
> beta = 0.1152644954031561
layer: 0: 17684it [00:40, 456.18it/s, loss=0.189, stab=4]
layer: 1: 16660it [00:38, 414.79it/s, loss=1.49, stab=4]
layer: 2: 15356it [00:35, 449.41it/s, loss=23.4, stab=4]
layer: 3: 24389it [00:56, 425.10it/s, loss=159, stab=4]
layer: 4: 11738it [00:27, 425.93it/s, loss=117, stab=4]
layer: 5: 6416it [00:15, 471.35it/s, loss=35.6, stab=4]
layer: 6: 5809it [00:13, 432.05it/s, loss=22.5, stab=4]
layer: 7: 5811it [00:13, 439.00it/s, loss=14.8, stab=4]
[*] nmi = 0.012073638013165132
[*] ncut = 1.2737315811909462

trial 3----------------------------
> hidden dims = [162, 105, 68]
> rho = 0.0037520558551242854
> beta = 1.4445251022763053
layer: 0: 20144it [00:48, 453.78it/s, loss=0.372, stab=4]
layer: 1: 20494it [00:49, 423.05it/s, loss=0.446, stab=4]
layer: 2: 21635it [00:52, 433.66it/s, loss=0.545, stab=4]
[*] nmi = 0.018985201675891895
[*] ncut = 1.0310225978540755

trial 4----------------------------
> hidden dims = [200, 160, 128]
> rho = 0.0007523742884534858
> beta = 0.6789053271698483
layer: 0: 18520it [00:43, 479.36it/s, loss=0.553, stab=4]
layer: 1: 18065it [00:42, 423.28it/s, loss=0.64, stab=4]
layer: 2: 17895it [00:41, 457.32it/s, loss=0.783, stab=4]
[*] nmi = 0.02497791556142213
[*] ncut = 1.3216153403855462

trial 5----------------------------
> hidden dims = [212, 180, 153, 130, 110]
> rho = 0.003489018845491387
> beta = 9.163741808778772
layer: 0: 26522it [01:01, 373.64it/s, loss=0.157, stab=4]
layer: 1: 26915it [01:02, 434.16it/s, loss=0.182, stab=4]
layer: 2: 15333it [00:34, 423.47it/s, loss=46.2, stab=4]
layer: 3: 14185it [00:32, 422.17it/s, loss=0.543, stab=4]
layer: 4: 14156it [00:32, 424.73it/s, loss=0.233, stab=4]
[*] nmi = 0.0245450635341645
[*] ncut = 1.24195235444683

trial 6----------------------------
> hidden dims = [200, 160, 128, 102]
> rho = 0.00015673095467235422
> beta = 555.1721685244722
layer: 0: 8293it [00:19, 403.30it/s, loss=53.2, stab=4]
layer: 1: 10052it [00:23, 442.45it/s, loss=0.0859, stab=4]
layer: 2: 10566it [00:24, 457.29it/s, loss=0.0329, stab=4]
layer: 3: 10354it [00:23, 448.93it/s, loss=0.0394, stab=4]
[*] nmi = 0.14836046935470673
[*] ncut = 1.1767208283446184

trial 7----------------------------
> hidden dims = [212, 180, 153, 130, 110, 93, 79, 67]
> rho = 0.00019634341572933326
> beta = 26.373339933815235
layer: 0: 40546it [01:33, 444.24it/s, loss=0.842, stab=4]
layer: 1: 12311it [00:28, 449.43it/s, loss=1.27, stab=4]
layer: 2: 12321it [00:28, 461.68it/s, loss=0.102, stab=4]
layer: 3: 12183it [00:27, 403.94it/s, loss=0.101, stab=4]
layer: 4: 11969it [00:26, 472.96it/s, loss=0.106, stab=4]
layer: 5: 11812it [00:26, 482.37it/s, loss=0.104, stab=4]
layer: 6: 11610it [00:27, 440.74it/s, loss=0.108, stab=4]
layer: 7: 11357it [00:25, 442.99it/s, loss=0.112, stab=4]
[*] nmi = 0.056665134384514954
[*] ncut = 1.4313653351527975

trial 8----------------------------
> hidden dims = [150, 90, 54, 32]
> rho = 0.00012681352169084607
> beta = 352.0481045526035
layer: 0: 13895it [00:31, 449.68it/s, loss=53.2, stab=4]
layer: 1: 16297it [00:36, 483.62it/s, loss=0.0496, stab=4]
layer: 2: 15983it [00:36, 406.79it/s, loss=0.052, stab=4]
layer: 3: 15949it [00:37, 422.93it/s, loss=0.0365, stab=4]
[*] nmi = 0.151578081930396
[*] ncut = 1.1257498262832286

trial 9----------------------------
> hidden dims = [200, 160, 128, 102, 81, 64]
> rho = 0.0036324869566766076
> beta = 5.414413211338521
layer: 0: 24750it [00:58, 436.80it/s, loss=0.179, stab=4]
layer: 1: 23683it [00:56, 426.09it/s, loss=0.248, stab=4]
layer: 2: 24595it [00:58, 459.23it/s, loss=0.306, stab=4]
layer: 3: 26869it [01:03, 433.97it/s, loss=0.271, stab=4]
layer: 4: 28257it [01:07, 455.19it/s, loss=0.316, stab=4]
layer: 5: 30029it [01:09, 463.87it/s, loss=0.379, stab=4]
[*] nmi = 0.015037742493732952
[*] ncut = 1.3359511824043366

trial 10----------------------------
> hidden dims = [175]
> rho = 0.08102356207766644
> beta = 0.012297288957910173
layer: 0: 7803it [00:18, 456.26it/s, loss=0.441, stab=4]
[*] nmi = 0.06470314294825982
[*] ncut = 0.7767651997572623

trial 11----------------------------
> hidden dims = [175]
> rho = 0.0869821884209373
> beta = 0.0267870779847426
layer: 0: 8952it [00:20, 425.28it/s, loss=0.423, stab=4]
[*] nmi = 0.09415994724620279
[*] ncut = 0.8613383870604092

trial 12----------------------------
> hidden dims = [175]
> rho = 0.08283046957655409
> beta = 0.018180218626306137
layer: 0: 8951it [00:21, 442.67it/s, loss=0.435, stab=4]
[*] nmi = 0.0665570073454687
[*] ncut = 0.7920629524850145

trial 13----------------------------
> hidden dims = [162]
> rho = 0.020085284748997248
> beta = 88.00770565263993
layer: 0: 14408it [00:33, 356.70it/s, loss=0.114, stab=4]
[*] nmi = 0.022204290640892195
[*] ncut = 0.644018924039216

trial 14----------------------------
> hidden dims = [162, 105]
> rho = 0.019307989513270327
> beta = 73.32083866967166
layer: 0: 14922it [00:34, 438.48it/s, loss=0.113, stab=4]
layer: 1: 14662it [00:33, 420.96it/s, loss=0.341, stab=4]
[*] nmi = 0.017722002897664083
[*] ncut = 0.9040945695124116

trial 15----------------------------
> hidden dims = [162, 105]
> rho = 0.0090947182656922
> beta = 171.78317166633624
layer: 0: 17935it [00:41, 432.25it/s, loss=0.137, stab=4]
layer: 1: 6624it [00:14, 474.68it/s, loss=163, stab=4]
[*] nmi = 0.024719492837626023
[*] ncut = 1.438420258256028

trial 16----------------------------
> hidden dims = [187, 140, 105, 78, 58, 43, 32, 24, 18, 13, 9, 6, 4]
> rho = 0.028920781369487156
> beta = 51.87801041960706
layer: 0: 10890it [00:24, 449.65it/s, loss=0.124, stab=4]
layer: 1: 10732it [00:24, 402.47it/s, loss=0.38, stab=4]
layer: 2: 10110it [00:22, 456.85it/s, loss=0.528, stab=4]
layer: 3: 10266it [00:23, 419.68it/s, loss=0.556, stab=4]
layer: 4: 11237it [00:25, 417.52it/s, loss=1.3, stab=4]
layer: 5: 11083it [00:25, 447.93it/s, loss=1.67, stab=4]
layer: 6: 14076it [00:31, 461.10it/s, loss=1.17, stab=4]
layer: 7: 15848it [00:36, 443.06it/s, loss=1.23, stab=4]
layer: 8: 16578it [00:39, 434.00it/s, loss=1.06, stab=4]
layer: 9: 15931it [00:37, 453.15it/s, loss=0.657, stab=4]
layer: 10: 2491it [00:06, 421.70it/s, loss=9.74, stab=4]
layer: 11: 2352it [00:05, 385.13it/s, loss=0.137, stab=4]
layer: 12: 2270it [00:05, 425.18it/s, loss=0.0858, stab=4]
[*] nmi = 0.033372911675217644
[*] ncut = 1.1948371274602312

trial 17----------------------------
> hidden dims = [150, 90]
> rho = 0.00853132668272839
> beta = 0.48427007906564595
layer: 0: 14260it [00:34, 437.07it/s, loss=0.227, stab=4]
layer: 1: 15981it [00:37, 441.19it/s, loss=0.413, stab=4]
[*] nmi = 0.004679282282086796
[*] ncut = 1.0511438567863183

trial 18----------------------------
> hidden dims = [225, 202, 181, 162, 145, 130, 117, 105, 94, 84, 75, 67, 60, 54, 48, 43, 38, 34, 30, 27, 24, 21, 18, 16, 14, 12]
> rho = 0.039374194477081285
> beta = 27.911238959058345
layer: 0: 12114it [00:28, 446.69it/s, loss=0.119, stab=4]
layer: 1: 12229it [00:28, 456.81it/s, loss=0.233, stab=4]
layer: 2: 11034it [00:26, 467.31it/s, loss=0.261, stab=4]
layer: 3: 11984it [00:27, 427.65it/s, loss=0.172, stab=4]
layer: 4: 12168it [00:28, 414.17it/s, loss=0.362, stab=4]
layer: 5: 12168it [00:28, 450.88it/s, loss=0.452, stab=4]
layer: 6: 13589it [00:31, 346.59it/s, loss=0.333, stab=4]
layer: 7: 12657it [00:28, 449.78it/s, loss=0.569, stab=4]
layer: 8: 14637it [00:33, 454.69it/s, loss=0.381, stab=4]
layer: 9: 12828it [00:29, 466.47it/s, loss=0.999, stab=4]
layer: 10: 12747it [00:29, 420.67it/s, loss=1.24, stab=4]
layer: 11: 13687it [00:32, 442.11it/s, loss=1.56, stab=4]
layer: 12: 13779it [00:32, 474.86it/s, loss=1.07, stab=4]
layer: 13: 15153it [00:36, 411.68it/s, loss=1.27, stab=4]
layer: 14: 14703it [00:34, 441.03it/s, loss=1.27, stab=4]
layer: 15: 16341it [00:38, 437.96it/s, loss=1.09, stab=4]
layer: 16: 17256it [00:38, 507.66it/s, loss=1, stab=4]
layer: 17: 18048it [00:37, 495.05it/s, loss=1.16, stab=4]
layer: 18: 19176it [00:39, 489.25it/s, loss=1.23, stab=4]
layer: 19: 19190it [00:38, 580.73it/s, loss=1.28, stab=4]
layer: 20: 18217it [00:34, 537.14it/s, loss=1.04, stab=4]
layer: 21: 18862it [00:35, 565.92it/s, loss=0.776, stab=4]
layer: 22: 17564it [00:32, 591.70it/s, loss=0.62, stab=4]
layer: 23: 16972it [00:30, 587.45it/s, loss=0.622, stab=4]
layer: 24: 17502it [00:32, 543.50it/s, loss=0.532, stab=4]
layer: 25: 19330it [00:35, 553.67it/s, loss=0.546, stab=4]
[*] nmi = 0.012375581900654716
[*] ncut = 1.527419302601749

trial 19----------------------------
> hidden dims = [187, 140, 105, 78, 58, 43, 32, 24, 18, 13]
> rho = 0.0007695060897387617
> beta = 126.40536937953189
layer: 0: 7644it [00:14, 566.85it/s, loss=53.3, stab=4]
layer: 1: 9150it [00:16, 552.41it/s, loss=0.0974, stab=4]
layer: 2: 8930it [00:16, 541.29it/s, loss=0.1, stab=4]
layer: 3: 8628it [00:15, 570.18it/s, loss=0.111, stab=4]
layer: 4: 8664it [00:14, 594.76it/s, loss=0.0929, stab=4]
layer: 5: 8514it [00:14, 615.34it/s, loss=0.0905, stab=4]
layer: 6: 8215it [00:13, 524.42it/s, loss=0.103, stab=4]
layer: 7: 8024it [00:13, 622.00it/s, loss=0.0966, stab=4]
layer: 8: 7918it [00:13, 578.02it/s, loss=0.0969, stab=4]
layer: 9: 7714it [00:12, 647.32it/s, loss=0.0998, stab=4]
[*] nmi = 0.1363313523297834
[*] ncut = 1.1482883634776817
========================================================
========================================================
[*] best nmi = 0.151578081930396
[*] best ncut = 0.644018924039216
[*] best ncut nmi = 0.022204290640892195
