[*] nts.shape: (250, 250)
[*] number of clusters: 3
[*] nmi: 0.011477041635688115
[*] ncut: 1.722574385673415
[*] nmi: 0.008777027848927416
[*] ncut: 0.5101594034641458
[*] using device: cuda

trial 0----------------------------
> hidden dims = [175, 122, 85, 59, 41, 28, 19, 13, 9, 6, 4]
> rho = 0.015702970884055395
> beta = 9.846738873614559
layer: 0: 17266it [00:39, 427.91it/s, loss=0.154, stab=4]
layer: 1: 17292it [00:38, 457.86it/s, loss=0.233, stab=4]
layer: 2: 19227it [00:42, 462.55it/s, loss=0.341, stab=4]
layer: 3: 21601it [00:48, 467.40it/s, loss=0.524, stab=4]
layer: 4: 24054it [00:54, 470.89it/s, loss=0.685, stab=4]
layer: 5: 28739it [01:05, 451.34it/s, loss=0.955, stab=4]
layer: 6: 9613it [00:21, 435.65it/s, loss=11.2, stab=4]
layer: 7: 9466it [00:21, 435.49it/s, loss=0.102, stab=4]
layer: 8: 9410it [00:21, 456.16it/s, loss=0.0773, stab=4]
layer: 9: 8959it [00:20, 462.25it/s, loss=0.067, stab=4]
layer: 10: 8618it [00:19, 342.40it/s, loss=0.0674, stab=4]
[*] nmi = 0.012428178426143934
[*] ncut = 1.5939439884072568

trial 1----------------------------
> hidden dims = [162]
> rho = 0.0396760507705299
> beta = 10.129197956845726
layer: 0: 10693it [00:24, 439.08it/s, loss=0.158, stab=4]
[*] nmi = 0.0206165689962123
[*] ncut = 0.6706818633495801

trial 2----------------------------
> hidden dims = [150, 90, 54, 32, 19, 11, 6, 3]
> rho = 0.03142880890840111
> beta = 0.1152644954031561
layer: 0: 17723it [00:42, 428.12it/s, loss=0.184, stab=4]
layer: 1: 16929it [00:40, 430.11it/s, loss=1.38, stab=4]
layer: 2: 14577it [00:34, 413.02it/s, loss=22.5, stab=4]
layer: 3: 14081it [00:33, 439.31it/s, loss=161, stab=4]
layer: 4: 13138it [00:31, 332.48it/s, loss=126, stab=4]
layer: 5: 5627it [00:13, 431.18it/s, loss=32, stab=4]
layer: 6: 5274it [00:12, 432.00it/s, loss=23.7, stab=4]
layer: 7: 5329it [00:12, 430.41it/s, loss=18.7, stab=4]
[*] nmi = 0.01132104299197539
[*] ncut = 1.196825935683804

trial 3----------------------------
> hidden dims = [162, 105, 68]
> rho = 0.0037520558551242854
> beta = 1.4445251022763053
layer: 0: 20255it [00:49, 438.23it/s, loss=0.346, stab=4]
layer: 1: 20551it [00:47, 454.53it/s, loss=0.448, stab=4]
layer: 2: 21383it [00:49, 459.45it/s, loss=0.582, stab=4]
[*] nmi = 0.024377012708387064
[*] ncut = 1.1995524191175713

trial 4----------------------------
> hidden dims = [200, 160, 128]
> rho = 0.0007523742884534858
> beta = 0.6789053271698483
layer: 0: 18758it [00:43, 364.83it/s, loss=0.53, stab=4]
layer: 1: 18094it [00:42, 454.64it/s, loss=0.63, stab=4]
layer: 2: 18155it [00:41, 435.86it/s, loss=0.751, stab=4]
[*] nmi = 0.02588275167446765
[*] ncut = 1.3764227408411929

trial 5----------------------------
> hidden dims = [212, 180, 153, 130, 110]
> rho = 0.003489018845491387
> beta = 9.163741808778772
layer: 0: 25972it [00:59, 440.47it/s, loss=0.187, stab=4]
layer: 1: 26629it [01:01, 428.09it/s, loss=0.18, stab=4]
layer: 2: 14758it [00:34, 449.99it/s, loss=42.5, stab=4]
layer: 3: 14220it [00:32, 452.40it/s, loss=0.245, stab=4]
layer: 4: 14131it [00:31, 443.28it/s, loss=0.221, stab=4]
[*] nmi = 0.038677138399456155
[*] ncut = 1.080154183381793

trial 6----------------------------
> hidden dims = [200, 160, 128, 102]
> rho = 0.00015673095467235422
> beta = 555.1721685244722
layer: 0: 9058it [00:21, 465.21it/s, loss=52.7, stab=4]
layer: 1: 10654it [00:24, 422.33it/s, loss=0.0353, stab=4]
layer: 2: 10437it [00:23, 440.56it/s, loss=0.0396, stab=4]
layer: 3: 10056it [00:22, 458.43it/s, loss=0.0621, stab=4]
[*] nmi = 0.020421995874386034
[*] ncut = 1.1944510216455786

trial 7----------------------------
> hidden dims = [212, 180, 153, 130, 110, 93, 79, 67]
> rho = 0.00019634341572933326
> beta = 26.373339933815235
layer: 0: 39868it [01:30, 441.20it/s, loss=0.88, stab=4]
layer: 1: 12315it [00:27, 331.02it/s, loss=1.28, stab=4]
layer: 2: 12391it [00:28, 437.92it/s, loss=0.0953, stab=4]
layer: 3: 12201it [00:27, 444.22it/s, loss=0.1, stab=4]
layer: 4: 11967it [00:26, 463.84it/s, loss=0.106, stab=4]
layer: 5: 11814it [00:26, 465.59it/s, loss=0.103, stab=4]
layer: 6: 11624it [00:26, 376.66it/s, loss=0.106, stab=4]
layer: 7: 11374it [00:25, 443.34it/s, loss=0.11, stab=4]
[*] nmi = 0.011736384475050978
[*] ncut = 1.5770895050301288

trial 8----------------------------
> hidden dims = [150, 90, 54, 32]
> rho = 0.00012681352169084607
> beta = 352.0481045526035
layer: 0: 13812it [00:32, 454.36it/s, loss=52.8, stab=4]
layer: 1: 16255it [00:38, 345.26it/s, loss=0.0525, stab=4]
layer: 2: 15953it [00:37, 442.95it/s, loss=0.0542, stab=4]
layer: 3: 15668it [00:37, 402.38it/s, loss=0.053, stab=4]
[*] nmi = 0.019095591419146747
[*] ncut = 1.2049465238647845

trial 9----------------------------
> hidden dims = [200, 160, 128, 102, 81, 64]
> rho = 0.0036324869566766076
> beta = 5.414413211338521
layer: 0: 23817it [00:57, 394.11it/s, loss=0.305, stab=4]
layer: 1: 23265it [00:55, 382.83it/s, loss=0.238, stab=4]
layer: 2: 24232it [00:58, 362.32it/s, loss=0.332, stab=4]
layer: 3: 25796it [01:00, 402.62it/s, loss=0.279, stab=4]
layer: 4: 27902it [01:04, 454.09it/s, loss=0.306, stab=4]
layer: 5: 12611it [00:28, 430.97it/s, loss=12.9, stab=4]
[*] nmi = 0.008213808618381953
[*] ncut = 1.4702029745190317

trial 10----------------------------
> hidden dims = [175]
> rho = 0.08102356207766644
> beta = 0.012297288957910173
layer: 0: 7855it [00:18, 445.42it/s, loss=0.43, stab=4]
[*] nmi = 0.0009797016113528552
[*] ncut = 0.8738548802230648

trial 11----------------------------
> hidden dims = [175]
> rho = 0.0869821884209373
> beta = 0.0267870779847426
layer: 0: 9495it [00:22, 444.45it/s, loss=0.344, stab=4]
[*] nmi = 0.014449589632600296
[*] ncut = 0.8098984359369986

trial 12----------------------------
> hidden dims = [175]
> rho = 0.08332447280612446
> beta = 0.01816873758001114
layer: 0: 9338it [00:22, 410.94it/s, loss=0.407, stab=4]
[*] nmi = 0.014382696378638515
[*] ncut = 0.8696959303717716

trial 13----------------------------
> hidden dims = [162]
> rho = 0.020085284748997248
> beta = 88.00770565263993
layer: 0: 15005it [00:35, 459.34it/s, loss=0.124, stab=4]
[*] nmi = 0.023373958146100434
[*] ncut = 0.7861943462967121

trial 14----------------------------
> hidden dims = [162, 105]
> rho = 0.019307989513270327
> beta = 73.32083866967166
layer: 0: 14980it [00:34, 413.04it/s, loss=0.0999, stab=4]
layer: 1: 14024it [00:32, 468.67it/s, loss=0.386, stab=4]
[*] nmi = 0.011107652388376306
[*] ncut = 0.7353002662946827

trial 15----------------------------
> hidden dims = [162, 105]
> rho = 0.0090947182656922
> beta = 171.78317166633624
layer: 0: 18047it [00:41, 460.50it/s, loss=0.118, stab=4]
layer: 1: 6579it [00:15, 428.56it/s, loss=167, stab=4]
[*] nmi = 0.03393236722771321
[*] ncut = 1.580619947696636

trial 16----------------------------
> hidden dims = [187, 140, 105, 78, 58, 43, 32, 24, 18, 13, 9, 6, 4]
> rho = 0.008325983989096961
> beta = 46.25885719710283
layer: 0: 14350it [00:32, 456.56it/s, loss=0.125, stab=4]
layer: 1: 12889it [00:29, 443.81it/s, loss=0.306, stab=4]
layer: 2: 13579it [00:30, 439.45it/s, loss=0.483, stab=4]
layer: 3: 4490it [00:10, 441.87it/s, loss=109, stab=4]
layer: 4: 4508it [00:10, 388.72it/s, loss=0.141, stab=4]
layer: 5: 4458it [00:10, 441.46it/s, loss=0.194, stab=4]
layer: 6: 4449it [00:10, 468.41it/s, loss=0.196, stab=4]
layer: 7: 4314it [00:09, 454.76it/s, loss=0.144, stab=4]
layer: 8: 4351it [00:10, 422.44it/s, loss=0.119, stab=4]
layer: 9: 4332it [00:10, 447.16it/s, loss=0.0912, stab=4]
layer: 10: 4313it [00:10, 432.75it/s, loss=0.0865, stab=4]
layer: 11: 4110it [00:09, 422.60it/s, loss=0.0851, stab=4]
layer: 12: 3843it [00:09, 474.34it/s, loss=0.09, stab=4]
[*] nmi = 0.012982664582605295
[*] ncut = 1.593537918888892

trial 17----------------------------
> hidden dims = [150, 90]
> rho = 0.03451845690670142
> beta = 0.4173893328168097
layer: 0: 14389it [00:33, 367.05it/s, loss=0.132, stab=4]
layer: 1: 15068it [00:35, 412.23it/s, loss=0.781, stab=4]
[*] nmi = 0.03036878023064904
[*] ncut = 0.895983091798298

trial 18----------------------------
> hidden dims = [225, 202, 181, 162, 145, 130, 117, 105, 94, 84, 75, 67, 60, 54, 48, 43, 38, 34, 30, 27, 24, 21, 18, 16, 14]
> rho = 0.0017604344110565304
> beta = 27.911238959058345
layer: 0: 21561it [00:52, 434.88it/s, loss=0.201, stab=4]
layer: 1: 7850it [00:18, 330.21it/s, loss=30.4, stab=4]
layer: 2: 7860it [00:18, 422.86it/s, loss=0.109, stab=4]
layer: 3: 7886it [00:18, 435.28it/s, loss=0.107, stab=4]
layer: 4: 7729it [00:18, 433.82it/s, loss=0.123, stab=4]
layer: 5: 7775it [00:18, 429.72it/s, loss=0.109, stab=4]
layer: 6: 7631it [00:17, 464.36it/s, loss=0.117, stab=4]
layer: 7: 7580it [00:17, 441.65it/s, loss=0.115, stab=4]
layer: 8: 7493it [00:17, 444.87it/s, loss=0.116, stab=4]
layer: 9: 7442it [00:17, 420.97it/s, loss=0.114, stab=4]
layer: 10: 7387it [00:16, 452.66it/s, loss=0.115, stab=4]
layer: 11: 7313it [00:16, 426.45it/s, loss=0.112, stab=4]
layer: 12: 7184it [00:16, 439.12it/s, loss=0.116, stab=4]
layer: 13: 7077it [00:15, 471.75it/s, loss=0.114, stab=4]
layer: 14: 6970it [00:15, 438.12it/s, loss=0.118, stab=4]
layer: 15: 6941it [00:15, 443.64it/s, loss=0.117, stab=4]
layer: 16: 6872it [00:15, 412.25it/s, loss=0.121, stab=4]
layer: 17: 6825it [00:15, 458.95it/s, loss=0.122, stab=4]
layer: 18: 6639it [00:15, 450.56it/s, loss=0.124, stab=4]
layer: 19: 6598it [00:15, 398.12it/s, loss=0.131, stab=4]
layer: 20: 6606it [00:15, 458.14it/s, loss=0.129, stab=4]
layer: 21: 6583it [00:15, 423.83it/s, loss=0.13, stab=4]
layer: 22: 6414it [00:14, 444.70it/s, loss=0.133, stab=4]
layer: 23: 6165it [00:14, 432.85it/s, loss=0.131, stab=4]
layer: 24: 6154it [00:14, 411.91it/s, loss=0.134, stab=4]
[*] nmi = 0.01863820840190058
[*] ncut = 1.4089911263462738

trial 19----------------------------
> hidden dims = [187, 140, 105, 78, 58, 43]
> rho = 0.009664628244881013
> beta = 3.266156465635307
layer: 0: 16578it [00:39, 430.11it/s, loss=0.162, stab=4]
layer: 1: 17003it [00:40, 455.35it/s, loss=0.234, stab=4]
layer: 2: 17720it [00:41, 407.29it/s, loss=0.354, stab=4]
layer: 3: 19043it [00:40, 482.77it/s, loss=0.407, stab=4]
layer: 4: 20132it [00:41, 506.52it/s, loss=0.673, stab=4]
layer: 5: 22099it [00:45, 498.18it/s, loss=0.816, stab=4]
[*] nmi = 0.007903075287119922
[*] ncut = 1.3390818091035994
========================================================
========================================================
[*] best nmi = 0.038677138399456155
[*] best ncut = 0.6706818633495801
[*] best ncut nmi = 0.0206165689962123
