[*] nts.shape: (250, 250)
[*] number of clusters: 3
[*] nmi: 0.08224173713907008
[*] ncut: 1.7000143955943994
[*] nmi: 0.008467023323342223
[*] ncut: 0.5301157168694327
[*] using device: cuda

trial 0----------------------------
> hidden dims = [175, 122, 85, 59, 41, 28, 19, 13, 9, 6, 4]
> rho = 0.015702970884055395
> beta = 9.846738873614559
layer: 0: 17086it [00:37, 433.47it/s, loss=0.229, stab=4]
layer: 1: 17090it [00:31, 565.61it/s, loss=0.261, stab=4]
layer: 2: 19478it [00:34, 579.48it/s, loss=0.275, stab=4]
layer: 3: 21591it [00:38, 540.50it/s, loss=0.377, stab=4]
layer: 4: 23592it [00:41, 584.63it/s, loss=0.839, stab=4]
layer: 5: 27686it [00:48, 587.62it/s, loss=0.796, stab=4]
layer: 6: 9588it [00:16, 584.26it/s, loss=11, stab=4]
layer: 7: 9474it [00:16, 592.33it/s, loss=0.0941, stab=4]
layer: 8: 9399it [00:16, 564.74it/s, loss=0.0759, stab=4]
layer: 9: 8949it [00:16, 580.10it/s, loss=0.0662, stab=4]
layer: 10: 8609it [00:15, 589.95it/s, loss=0.0679, stab=4]
[*] nmi = 0.005280048282671683
[*] ncut = 1.466710982467451

trial 1----------------------------
> hidden dims = [162]
> rho = 0.0396760507705299
> beta = 10.129197956845726
layer: 0: 10926it [00:19, 579.95it/s, loss=0.148, stab=4]
[*] nmi = 0.011101956477273934
[*] ncut = 0.6931880209484851

trial 2----------------------------
> hidden dims = [150, 90, 54, 32, 19, 11, 6, 3]
> rho = 0.03142880890840111
> beta = 0.1152644954031561
layer: 0: 17723it [00:31, 576.62it/s, loss=0.184, stab=4]
layer: 1: 16056it [00:29, 536.27it/s, loss=1.59, stab=4]
layer: 2: 15490it [00:26, 592.12it/s, loss=28.6, stab=4]
layer: 3: 17244it [00:30, 472.63it/s, loss=148, stab=4]
layer: 4: 16806it [00:29, 576.39it/s, loss=126, stab=4]
layer: 5: 6548it [00:11, 577.21it/s, loss=34.7, stab=4]
layer: 6: 7670it [00:13, 559.14it/s, loss=24.4, stab=4]
layer: 7: 4378it [00:07, 592.19it/s, loss=12.5, stab=4]
[*] nmi = 0.009200811810192404
[*] ncut = 1.1524134312402798

trial 3----------------------------
> hidden dims = [162, 105, 68]
> rho = 0.0037520558551242854
> beta = 1.4445251022763053
layer: 0: 20202it [00:36, 578.12it/s, loss=0.397, stab=4]
layer: 1: 20792it [00:37, 567.15it/s, loss=0.409, stab=4]
layer: 2: 21522it [00:38, 582.58it/s, loss=0.561, stab=4]
[*] nmi = 0.005482637244021724
[*] ncut = 1.2632013555876718

trial 4----------------------------
> hidden dims = [200, 160, 128]
> rho = 0.0007523742884534858
> beta = 0.6789053271698483
layer: 0: 18682it [00:34, 585.45it/s, loss=0.552, stab=4]
layer: 1: 18052it [00:32, 537.31it/s, loss=0.646, stab=4]
layer: 2: 18310it [00:32, 498.19it/s, loss=0.727, stab=4]
[*] nmi = 0.002982729915773908
[*] ncut = 1.3572468619376037

trial 5----------------------------
> hidden dims = [212, 180, 153, 130, 110]
> rho = 0.003489018845491387
> beta = 9.163741808778772
layer: 0: 26629it [00:49, 558.66it/s, loss=0.181, stab=4]
layer: 1: 26809it [00:48, 565.71it/s, loss=0.18, stab=4]
layer: 2: 14147it [00:25, 581.02it/s, loss=43.5, stab=4]
layer: 3: 14063it [00:25, 545.67it/s, loss=0.279, stab=4]
layer: 4: 13925it [00:24, 597.07it/s, loss=0.174, stab=4]
[*] nmi = 0.0076153214772250455
[*] ncut = 1.1741868482790618

trial 6----------------------------
> hidden dims = [200, 160, 128, 102]
> rho = 0.00015673095467235422
> beta = 555.1721685244722
layer: 0: 8808it [00:15, 514.29it/s, loss=52.5, stab=4]
layer: 1: 10961it [00:19, 511.19it/s, loss=0.0253, stab=4]
layer: 2: 10528it [00:19, 535.14it/s, loss=0.0353, stab=4]
layer: 3: 10786it [00:19, 570.30it/s, loss=0.0231, stab=4]
[*] nmi = 0.03421135702594074
[*] ncut = 1.280264931116696

trial 7----------------------------
> hidden dims = [212, 180, 153, 130, 110, 93, 79, 67]
> rho = 0.00019634341572933326
> beta = 26.373339933815235
layer: 0: 40738it [01:15, 529.51it/s, loss=0.784, stab=4]
layer: 1: 12342it [00:22, 574.32it/s, loss=1.17, stab=4]
layer: 2: 12368it [00:22, 568.25it/s, loss=0.0975, stab=4]
layer: 3: 12162it [00:22, 465.63it/s, loss=0.104, stab=4]
layer: 4: 11964it [00:21, 575.10it/s, loss=0.106, stab=4]
layer: 5: 11778it [00:20, 580.17it/s, loss=0.107, stab=4]
layer: 6: 11598it [00:20, 585.96it/s, loss=0.109, stab=4]
layer: 7: 11378it [00:19, 591.58it/s, loss=0.11, stab=4]
[*] nmi = 0.019524421496320964
[*] ncut = 1.5600156090677393

trial 8----------------------------
> hidden dims = [150, 90, 54, 32]
> rho = 0.00012681352169084607
> beta = 352.0481045526035
layer: 0: 13461it [00:24, 517.65it/s, loss=52.5, stab=4]
layer: 1: 16252it [00:28, 606.18it/s, loss=0.0523, stab=4]
layer: 2: 15953it [00:28, 574.33it/s, loss=0.0542, stab=4]
layer: 3: 15668it [00:28, 589.28it/s, loss=0.053, stab=4]
[*] nmi = 0.03273619592402137
[*] ncut = 1.3361568939922353

trial 9----------------------------
> hidden dims = [200, 160, 128, 102, 81, 64]
> rho = 0.0036324869566766076
> beta = 5.414413211338521
layer: 0: 24290it [00:44, 539.79it/s, loss=0.227, stab=4]
layer: 1: 23563it [00:42, 505.74it/s, loss=0.206, stab=4]
layer: 2: 24427it [00:43, 566.99it/s, loss=0.267, stab=4]
layer: 3: 26407it [00:46, 598.31it/s, loss=0.289, stab=4]
layer: 4: 27665it [00:49, 469.73it/s, loss=0.319, stab=4]
layer: 5: 13495it [00:24, 575.43it/s, loss=12.9, stab=4]
[*] nmi = 0.02204168478712129
[*] ncut = 1.6063428874734609

trial 10----------------------------
> hidden dims = [175]
> rho = 0.08102356207766644
> beta = 0.012297288957910173
layer: 0: 7845it [00:14, 435.74it/s, loss=0.436, stab=4]
[*] nmi = 0.006726259707123415
[*] ncut = 0.7732004779525885

trial 11----------------------------
> hidden dims = [175]
> rho = 0.0869821884209373
> beta = 0.0267870779847426
layer: 0: 9438it [00:17, 545.47it/s, loss=0.354, stab=4]
[*] nmi = 0.003689626610328966
[*] ncut = 0.7810661867136007

trial 12----------------------------
> hidden dims = [175]
> rho = 0.08283046957655409
> beta = 0.018180218626306137
layer: 0: 8959it [00:16, 574.79it/s, loss=0.434, stab=4]
[*] nmi = 0.002296176330576263
[*] ncut = 0.7371523015996904

trial 13----------------------------
> hidden dims = [162]
> rho = 0.020085284748997248
> beta = 88.00770565263993
layer: 0: 15429it [00:28, 532.69it/s, loss=0.102, stab=4]
[*] nmi = 0.0062600606327054935
[*] ncut = 0.6801949481549536

trial 14----------------------------
> hidden dims = [162, 105]
> rho = 0.019307989513270327
> beta = 73.32083866967166
layer: 0: 15170it [00:27, 552.54it/s, loss=0.119, stab=4]
layer: 1: 14255it [00:26, 569.11it/s, loss=0.414, stab=4]
[*] nmi = 0.0064967837970723585
[*] ncut = 0.6672167436186056

trial 15----------------------------
> hidden dims = [162, 105]
> rho = 0.010509751486396303
> beta = 171.78317166633624
layer: 0: 17610it [00:31, 568.29it/s, loss=0.129, stab=4]
layer: 1: 6202it [00:11, 589.72it/s, loss=191, stab=4]
[*] nmi = 0.057753185366525434
[*] ncut = 1.5948193528259909

trial 16----------------------------
> hidden dims = [187, 140, 105, 78, 58, 43, 32, 24, 18, 13, 9, 6, 4]
> rho = 0.01030772626138481
> beta = 61.57566182023832
layer: 0: 16373it [00:29, 550.54it/s, loss=0.144, stab=4]
layer: 1: 6774it [00:12, 514.88it/s, loss=251, stab=4]
layer: 2: 5963it [00:10, 571.86it/s, loss=0.215, stab=4]
layer: 3: 6016it [00:10, 538.28it/s, loss=0.494, stab=4]
layer: 4: 5980it [00:10, 574.70it/s, loss=0.84, stab=4]
layer: 5: 5972it [00:10, 586.54it/s, loss=0.453, stab=4]
layer: 6: 6033it [00:10, 501.86it/s, loss=0.391, stab=4]
layer: 7: 5907it [00:10, 548.70it/s, loss=0.255, stab=4]
layer: 8: 5997it [00:10, 579.36it/s, loss=0.198, stab=4]
layer: 9: 5988it [00:10, 572.63it/s, loss=0.134, stab=4]
layer: 10: 6093it [00:10, 574.07it/s, loss=0.1, stab=4]
layer: 11: 5820it [00:10, 593.30it/s, loss=0.0933, stab=4]
layer: 12: 5485it [00:10, 557.81it/s, loss=0.0986, stab=4]
[*] nmi = 0.02998811764457177
[*] ncut = 1.4459210185587663

trial 17----------------------------
> hidden dims = [150, 90]
> rho = 0.0015435388076952693
> beta = 82.89854134324766
layer: 0: 22625it [00:41, 572.99it/s, loss=0.197, stab=4]
layer: 1: 6766it [00:12, 581.02it/s, loss=8.7, stab=4]
[*] nmi = 0.013570284070010371
[*] ncut = 1.432194266388981

trial 18----------------------------
> hidden dims = [225, 202, 181, 162, 145, 130, 117, 105, 94, 84, 75, 67, 60, 54, 48, 43, 38, 34, 30, 27, 24, 21, 18, 16, 14]
> rho = 0.022464232940928777
> beta = 866.6804248489096
layer: 0: 96381it [03:00, 548.58it/s, loss=0.00395, stab=0]
[!] stopping layer 0 training after 180.00s (> 180s)
layer: 1: 15964it [00:30, 557.07it/s, loss=0.138, stab=4]
layer: 2: 16232it [00:30, 527.78it/s, loss=0.128, stab=4]
layer: 3: 14566it [00:26, 574.32it/s, loss=0.236, stab=4]
layer: 4: 16318it [00:29, 481.70it/s, loss=0.123, stab=4]
layer: 5: 14432it [00:26, 497.33it/s, loss=0.22, stab=4]
layer: 6: 4111it [00:07, 595.64it/s, loss=206, stab=4]
layer: 7: 5128it [00:09, 575.92it/s, loss=4.17, stab=4]
layer: 8: 13433it [00:23, 594.69it/s, loss=0.146, stab=4]
layer: 9: 4672it [00:08, 512.36it/s, loss=0.391, stab=4]
layer: 10: 13863it [00:24, 592.11it/s, loss=0.0816, stab=4]
layer: 11: 4380it [00:07, 593.19it/s, loss=0.181, stab=4]
layer: 12: 14108it [00:25, 578.42it/s, loss=0.0658, stab=4]
layer: 13: 4184it [00:07, 582.40it/s, loss=0.114, stab=4]
layer: 14: 14131it [00:25, 551.40it/s, loss=0.0914, stab=4]
layer: 15: 4040it [00:07, 456.43it/s, loss=0.131, stab=4]
layer: 16: 12034it [00:21, 582.78it/s, loss=0.398, stab=4]
layer: 17: 4434it [00:07, 600.74it/s, loss=0.307, stab=4]
layer: 18: 11531it [00:20, 558.51it/s, loss=0.256, stab=4]
layer: 19: 4409it [00:07, 566.29it/s, loss=0.431, stab=4]
layer: 20: 4828it [00:08, 561.93it/s, loss=1.43, stab=4]
layer: 21: 4730it [00:08, 542.56it/s, loss=0.444, stab=4]
layer: 22: 4567it [00:08, 543.07it/s, loss=0.895, stab=4]
layer: 23: 4418it [00:08, 551.63it/s, loss=0.366, stab=4]
layer: 24: 4689it [00:08, 568.70it/s, loss=0.453, stab=4]
[*] nmi = 0.023668025985261812
[*] ncut = 1.496746884649479

trial 19----------------------------
> hidden dims = [187, 140, 105, 78, 58, 43]
> rho = 0.007370926448636989
> beta = 26.00660283037466
layer: 0: 20007it [00:36, 561.70it/s, loss=0.172, stab=4]
layer: 1: 18352it [00:33, 581.68it/s, loss=0.191, stab=4]
layer: 2: 19754it [00:35, 559.08it/s, loss=0.209, stab=4]
layer: 3: 21031it [00:37, 487.93it/s, loss=0.194, stab=4]
layer: 4: 8300it [00:14, 563.05it/s, loss=43.1, stab=4]
layer: 5: 8269it [00:14, 598.85it/s, loss=0.235, stab=4]
[*] nmi = 0.002801217766850574
[*] ncut = 1.4244302760653265
========================================================
========================================================
[*] best nmi = 0.057753185366525434
[*] best ncut = 0.6672167436186056
[*] best ncut nmi = 0.0064967837970723585
